2023-10-30 06:52:34,307 [INFO] Activator:176 - 


2023-10-30 06:52:34,310 [INFO] Activator:177 - !SESSION log4j initialized
2023-10-30 06:52:38,973 [INFO] LogOutputStream:77 - [STDOUT_REDIRECT] 
2023-10-30 06:52:44,687 [INFO] ApplicationProperties:184 - Using Application install path: C:\ST\STM32CubeIDE_1.10.1\STM32CubeIDE\plugins\com.st.stm32cube.common.mx_6.8.1.202304191431
2023-10-30 06:52:44,713 [INFO] DbMcusXml:78 - Set database path to: C:\ST\STM32CubeIDE_1.10.1\STM32CubeIDE\plugins\com.st.stm32cube.common.mx_6.8.1.202304191431\\db\/mcu/
2023-10-30 06:52:44,714 [INFO] ApiDb:274 - Set plugin database path to: C:\ST\STM32CubeIDE_1.10.1\STM32CubeIDE\plugins\com.st.stm32cube.common.mx_6.8.1.202304191431\\db\/plugins/boardmanager/
2023-10-30 06:52:44,717 [WARN] ApiDb:259 - Overriding images path with different value:  => C:\ST\STM32CubeIDE_1.10.1\STM32CubeIDE\plugins\com.st.stm32cube.common.mx_6.8.1.202304191431\\db\/plugins/mcufinder/images/
2023-10-30 06:52:44,743 [INFO] ApiDb:250 - Set database path to: C:\Users\harpr\.stmcufinder\plugins\mcufinder//mcu/
2023-10-30 06:52:44,745 [INFO] DbMcusAds:125 - Set database path to: C:\Users\harpr\.stmcufinder\plugins\mcufinder//mcu/
2023-10-30 06:52:44,749 [INFO] CrossReferenceDbSqlite:203 - Set database path to: C:\Users\harpr\.stmcufinder\plugins\mcufinder//mcu/cs/
2023-10-30 06:52:45,030 [INFO] RulesReader:64 - Compatibility file has been processed (293 Rules)
2023-10-30 06:52:45,188 [INFO] DbMcusXml:78 - Set database path to: C:\ST\STM32CubeIDE_1.10.1\STM32CubeIDE\plugins\com.st.stm32cube.common.mx_6.8.1.202304191431\\db\/mcu/
2023-10-30 06:52:45,188 [INFO] ApiDb:274 - Set plugin database path to: C:\ST\STM32CubeIDE_1.10.1\STM32CubeIDE\plugins\com.st.stm32cube.common.mx_6.8.1.202304191431\\db\/plugins/boardmanager/
2023-10-30 06:52:45,189 [INFO] ApiDb:261 - Set plugin images path to: C:\ST\STM32CubeIDE_1.10.1\STM32CubeIDE\plugins\com.st.stm32cube.common.mx_6.8.1.202304191431\\db\/plugins/mcufinder/images/
2023-10-30 06:52:45,189 [WARN] DbFile:41 - Overriding database path with different value: C:\Users\harpr\.stmcufinder\plugins\mcufinder/ => C:\Users\harpr\.stmcufinder\plugins\mcufinder
2023-10-30 06:52:45,189 [INFO] ApiDb:250 - Set database path to: C:\Users\harpr\.stmcufinder\plugins\mcufinder//mcu/
2023-10-30 06:52:45,190 [WARN] DbFile:41 - Overriding database path with different value: C:\Users\harpr\.stmcufinder\plugins\mcufinder/ => C:\Users\harpr\.stmcufinder\plugins\mcufinder
2023-10-30 06:52:45,190 [INFO] DbMcusAds:125 - Set database path to: C:\Users\harpr\.stmcufinder\plugins\mcufinder//mcu/
2023-10-30 06:52:45,190 [WARN] DbFile:41 - Overriding database path with different value: C:\Users\harpr\.stmcufinder\plugins\mcufinder/ => C:\Users\harpr\.stmcufinder\plugins\mcufinder
2023-10-30 06:52:45,190 [WARN] DbFile:41 - Overriding database path with different value: C:\Users\harpr\.stmcufinder\plugins\mcufinder/ => C:\Users\harpr\.stmcufinder\plugins\mcufinder
2023-10-30 06:52:45,190 [INFO] CrossReferenceDbSqlite:203 - Set database path to: C:\Users\harpr\.stmcufinder\plugins\mcufinder//mcu/cs/
2023-10-30 06:52:45,298 [INFO] MainPanel:253 - HeapMemory: 268435456
2023-10-30 06:52:45,452 [INFO] DbMcusXml:78 - Set database path to: C:\ST\STM32CubeIDE_1.10.1\STM32CubeIDE\plugins\com.st.stm32cube.common.mx_6.8.1.202304191431\\db\/mcu/
2023-10-30 06:52:45,452 [INFO] ApiDb:274 - Set plugin database path to: C:\ST\STM32CubeIDE_1.10.1\STM32CubeIDE\plugins\com.st.stm32cube.common.mx_6.8.1.202304191431\\db\/plugins/boardmanager/
2023-10-30 06:52:45,452 [INFO] ApiDb:261 - Set plugin images path to: C:\ST\STM32CubeIDE_1.10.1\STM32CubeIDE\plugins\com.st.stm32cube.common.mx_6.8.1.202304191431\\db\/plugins/mcufinder/images/
2023-10-30 06:52:45,454 [WARN] DbFile:41 - Overriding database path with different value: C:\Users\harpr\.stmcufinder\plugins\mcufinder/ => C:\Users\harpr\.stmcufinder\plugins\mcufinder
2023-10-30 06:52:45,454 [INFO] ApiDb:250 - Set database path to: C:\Users\harpr\.stmcufinder\plugins\mcufinder//mcu/
2023-10-30 06:52:45,454 [WARN] DbFile:41 - Overriding database path with different value: C:\Users\harpr\.stmcufinder\plugins\mcufinder/ => C:\Users\harpr\.stmcufinder\plugins\mcufinder
2023-10-30 06:52:45,454 [INFO] DbMcusAds:125 - Set database path to: C:\Users\harpr\.stmcufinder\plugins\mcufinder//mcu/
2023-10-30 06:52:45,455 [WARN] DbFile:41 - Overriding database path with different value: C:\Users\harpr\.stmcufinder\plugins\mcufinder/ => C:\Users\harpr\.stmcufinder\plugins\mcufinder
2023-10-30 06:52:45,455 [WARN] DbFile:41 - Overriding database path with different value: C:\Users\harpr\.stmcufinder\plugins\mcufinder/ => C:\Users\harpr\.stmcufinder\plugins\mcufinder
2023-10-30 06:52:45,455 [INFO] CrossReferenceDbSqlite:203 - Set database path to: C:\Users\harpr\.stmcufinder\plugins\mcufinder//mcu/cs/
2023-10-30 06:52:45,487 [INFO] ApplicationProperties:184 - Using Application install path: C:\ST\STM32CubeIDE_1.10.1\STM32CubeIDE\plugins\com.st.stm32cube.common.mx_6.8.1.202304191431
2023-10-30 06:52:45,490 [INFO] PluginManage:196 - Search for loadable plugins [exclusion list=, ]
2023-10-30 06:52:45,493 [INFO] PluginManage:310 - Check plugin analytics
2023-10-30 06:52:45,758 [INFO] AnalyticsPlugin:253 - Accepted Software Licenses: 
2023-10-30 06:52:45,759 [INFO] AnalyticsPlugin:255 - Accepted CMSIS Pack Licenses: 
2023-10-30 06:52:45,760 [INFO] AnalyticsPlugin:257 - Accepted Firmware Licenses: 
2023-10-30 06:52:45,771 [INFO] PluginManage:359 - Loaded plugin analytics (category:tool,tabindex:-1)
2023-10-30 06:52:45,771 [INFO] PluginManage:310 - Check plugin cadmodel
2023-10-30 06:52:45,793 [INFO] CADModel:105 - Init CAD model plugin
2023-10-30 06:52:45,794 [INFO] PluginManage:359 - Loaded plugin cadmodel (category:power,tabindex:5)
2023-10-30 06:52:45,794 [INFO] PluginManage:310 - Check plugin clock
2023-10-30 06:52:45,826 [INFO] PluginManage:359 - Loaded plugin clock (category:base,tabindex:2)
2023-10-30 06:52:45,826 [INFO] PluginManage:310 - Check plugin ddr
2023-10-30 06:52:45,831 [INFO] PluginManage:359 - Loaded plugin ddr (category:tool,tabindex:6)
2023-10-30 06:52:45,831 [INFO] PluginManage:310 - Check plugin filemanager
2023-10-30 06:52:46,040 [INFO] PluginManage:359 - Loaded plugin filemanager (category:base,tabindex:10)
2023-10-30 06:52:46,041 [INFO] PluginManage:310 - Check plugin ipmanager
2023-10-30 06:52:46,053 [INFO] PluginManage:359 - Loaded plugin ipmanager (category:base,tabindex:5)
2023-10-30 06:52:46,053 [INFO] PluginManage:310 - Check plugin lpbam
2023-10-30 06:52:46,081 [INFO] PluginManage:359 - Loaded plugin lpbam (category:base,tabindex:0)
2023-10-30 06:52:46,081 [INFO] PluginManage:310 - Check plugin pinoutandconfiguration
2023-10-30 06:52:46,104 [INFO] PluginManage:359 - Loaded plugin pinoutandconfiguration (category:base,tabindex:1)
2023-10-30 06:52:46,104 [INFO] PluginManage:310 - Check plugin pinoutconfig
2023-10-30 06:52:46,237 [WARN] SupportedApi:132 - Cannot load RTOS API schema: s4s-elt-must-match.1: The content of 'definitions' must match (annotation?, (simpleType | complexType)?, (unique | key | keyref)*)). A problem was found starting at: attribute.
2023-10-30 06:52:46,476 [INFO] PluginManage:359 - Loaded plugin pinoutconfig (category:base,tabindex:0)
2023-10-30 06:52:46,476 [INFO] PluginManage:310 - Check plugin power
2023-10-30 06:52:46,507 [INFO] PluginManage:359 - Loaded plugin power (category:power,tabindex:4)
2023-10-30 06:52:46,507 [INFO] PluginManage:310 - Check plugin projectmanager
2023-10-30 06:52:46,532 [INFO] PluginManage:359 - Loaded plugin projectmanager (category:projectmanager,tabindex:3)
2023-10-30 06:52:46,532 [INFO] PluginManage:310 - Check plugin thirdparty
2023-10-30 06:52:46,873 [INFO] PluginManage:359 - Loaded plugin thirdparty (category:base,tabindex:-1)
2023-10-30 06:52:46,872 [WARN] IntegrityCheckThread:84 - waiting for thirdparty lock release [integrity check]
2023-10-30 06:52:46,873 [INFO] IntegrityCheckThread:86 - entering critical section [integrity check]
2023-10-30 06:52:46,873 [INFO] PluginManage:310 - Check plugin tools
2023-10-30 06:52:46,877 [INFO] ThirdPartyUpdaterWithRetryManager:70 - Updater plugin not ready yet. [1/15]
2023-10-30 06:52:46,912 [INFO] PluginManage:359 - Loaded plugin tools (category:base,tabindex:7)
2023-10-30 06:52:46,912 [INFO] PluginManage:310 - Check plugin tutovideos
2023-10-30 06:52:47,176 [INFO] PluginManage:359 - Loaded plugin tutovideos (category:base,tabindex:-1)
2023-10-30 06:52:47,176 [INFO] PluginManage:310 - Check plugin updater
2023-10-30 06:52:47,197 [INFO] PluginManage:359 - Loaded plugin updater (category:base,tabindex:12)
2023-10-30 06:52:47,198 [INFO] PluginManage:283 - PluginManage : Loaded plugins [15]
2023-10-30 06:52:47,591 [INFO] PinOutPanel:1499 - setPackage(No Configuration,No Configuration)
2023-10-30 06:52:47,701 [INFO] CADModel:165 - CPN selected for project level
2023-10-30 06:52:47,701 [INFO] CADModel:114 - Register for checkConnection events
2023-10-30 06:52:47,738 [INFO] IPUIPlugin:80 - create IPUIPlugin
2023-10-30 06:52:47,738 [INFO] PluginManager:220 - loadIPPluginJar : add adc
2023-10-30 06:52:47,775 [INFO] IPUIPlugin:80 - create IPUIPlugin
2023-10-30 06:52:47,775 [INFO] PluginManager:220 - loadIPPluginJar : add aes
2023-10-30 06:52:47,818 [INFO] IPUIPlugin:80 - create IPUIPlugin
2023-10-30 06:52:47,818 [INFO] PluginManager:220 - loadIPPluginJar : add can
2023-10-30 06:52:47,841 [INFO] IPUIPlugin:80 - create IPUIPlugin
2023-10-30 06:52:47,841 [INFO] PluginManager:220 - loadIPPluginJar : add comp
2023-10-30 06:52:47,874 [INFO] IPUIPlugin:80 - create IPUIPlugin
2023-10-30 06:52:47,875 [INFO] PluginManager:220 - loadIPPluginJar : add cryp
2023-10-30 06:52:47,906 [INFO] IPUIPlugin:80 - create IPUIPlugin
2023-10-30 06:52:47,907 [INFO] PluginManager:220 - loadIPPluginJar : add dfsdm
2023-10-30 06:52:47,928 [INFO] IPUIPlugin:80 - create IPUIPlugin
2023-10-30 06:52:47,929 [INFO] PluginManager:220 - loadIPPluginJar : add dma
2023-10-30 06:52:47,978 [INFO] IPUIPlugin:80 - create IPUIPlugin
2023-10-30 06:52:47,978 [INFO] PluginManager:220 - loadIPPluginJar : add dma3
2023-10-30 06:52:48,000 [INFO] IPUIPlugin:80 - create IPUIPlugin
2023-10-30 06:52:48,000 [INFO] PluginManager:220 - loadIPPluginJar : add fatfs
2023-10-30 06:52:48,048 [INFO] IPUIPlugin:80 - create IPUIPlugin
2023-10-30 06:52:48,048 [INFO] PluginManager:220 - loadIPPluginJar : add fmc
2023-10-30 06:52:48,065 [INFO] IPUIPlugin:80 - create IPUIPlugin
2023-10-30 06:52:48,066 [INFO] PluginManager:220 - loadIPPluginJar : add freertos
2023-10-30 06:52:48,086 [INFO] IPUIPlugin:80 - create IPUIPlugin
2023-10-30 06:52:48,086 [INFO] PluginManager:220 - loadIPPluginJar : add genericplugin
2023-10-30 06:52:48,187 [INFO] IPUIPlugin:80 - create IPUIPlugin
2023-10-30 06:52:48,187 [INFO] PluginManager:220 - loadIPPluginJar : add gfxmmu
2023-10-30 06:52:48,327 [INFO] IPUIPlugin:80 - create IPUIPlugin
2023-10-30 06:52:48,328 [INFO] PluginManager:220 - loadIPPluginJar : add gic
2023-10-30 06:52:48,348 [INFO] IPUIPlugin:80 - create IPUIPlugin
2023-10-30 06:52:48,348 [INFO] PluginManager:220 - loadIPPluginJar : add gpio
2023-10-30 06:52:48,446 [INFO] IPUIPlugin:80 - create IPUIPlugin
2023-10-30 06:52:48,446 [INFO] PluginManager:220 - loadIPPluginJar : add gtzc
2023-10-30 06:52:48,484 [INFO] IPUIPlugin:80 - create IPUIPlugin
2023-10-30 06:52:48,484 [INFO] PluginManager:220 - loadIPPluginJar : add hash
2023-10-30 06:52:48,539 [INFO] IPUIPlugin:80 - create IPUIPlugin
2023-10-30 06:52:48,540 [INFO] PluginManager:220 - loadIPPluginJar : add i2c
2023-10-30 06:52:48,579 [INFO] IPUIPlugin:80 - create IPUIPlugin
2023-10-30 06:52:48,580 [INFO] PluginManager:220 - loadIPPluginJar : add i2s
2023-10-30 06:52:48,623 [INFO] IPUIPlugin:80 - create IPUIPlugin
2023-10-30 06:52:48,623 [INFO] PluginManager:220 - loadIPPluginJar : add i3c
2023-10-30 06:52:48,731 [INFO] IPUIPlugin:80 - create IPUIPlugin
2023-10-30 06:52:48,732 [INFO] PluginManager:220 - loadIPPluginJar : add ipddr
2023-10-30 06:52:48,831 [INFO] IPUIPlugin:80 - create IPUIPlugin
2023-10-30 06:52:48,832 [INFO] PluginManager:220 - loadIPPluginJar : add linkedlist
2023-10-30 06:52:48,868 [INFO] IPUIPlugin:80 - create IPUIPlugin
2023-10-30 06:52:48,868 [INFO] PluginManager:220 - loadIPPluginJar : add lorawan
2023-10-30 06:52:48,906 [INFO] IPUIPlugin:80 - create IPUIPlugin
2023-10-30 06:52:48,906 [INFO] PluginManager:220 - loadIPPluginJar : add ltdc
2023-10-30 06:52:48,923 [INFO] IPUIPlugin:80 - create IPUIPlugin
2023-10-30 06:52:48,923 [INFO] PluginManager:220 - loadIPPluginJar : add mdma
2023-10-30 06:52:48,936 [INFO] IPUIPlugin:80 - create IPUIPlugin
2023-10-30 06:52:48,936 [INFO] PluginManager:220 - loadIPPluginJar : add nvic
2023-10-30 06:52:48,973 [INFO] IPUIPlugin:80 - create IPUIPlugin
2023-10-30 06:52:48,973 [INFO] PluginManager:220 - loadIPPluginJar : add opamp
2023-10-30 06:52:49,037 [INFO] IPUIPlugin:80 - create IPUIPlugin
2023-10-30 06:52:49,038 [INFO] PluginManager:220 - loadIPPluginJar : add openamp
2023-10-30 06:52:49,093 [INFO] IPUIPlugin:80 - create IPUIPlugin
2023-10-30 06:52:49,094 [INFO] PluginManager:220 - loadIPPluginJar : add pdm2pcm
2023-10-30 06:52:49,114 [INFO] IPUIPlugin:80 - create IPUIPlugin
2023-10-30 06:52:49,119 [INFO] PluginManager:220 - loadIPPluginJar : add plateformsettings
2023-10-30 06:52:49,147 [INFO] IPUIPlugin:80 - create IPUIPlugin
2023-10-30 06:52:49,148 [INFO] PluginManager:220 - loadIPPluginJar : add quadspi
2023-10-30 06:52:49,162 [INFO] IPUIPlugin:80 - create IPUIPlugin
2023-10-30 06:52:49,162 [INFO] PluginManager:220 - loadIPPluginJar : add resmgrutility
2023-10-30 06:52:49,216 [INFO] IPUIPlugin:80 - create IPUIPlugin
2023-10-30 06:52:49,216 [INFO] PluginManager:220 - loadIPPluginJar : add sai
2023-10-30 06:52:49,256 [INFO] IPUIPlugin:80 - create IPUIPlugin
2023-10-30 06:52:49,256 [INFO] PluginManager:220 - loadIPPluginJar : add spi
2023-10-30 06:52:49,315 [INFO] IPUIPlugin:80 - create IPUIPlugin
2023-10-30 06:52:49,315 [INFO] PluginManager:220 - loadIPPluginJar : add stm32_wpan
2023-10-30 06:52:49,375 [INFO] IPUIPlugin:80 - create IPUIPlugin
2023-10-30 06:52:49,375 [INFO] PluginManager:220 - loadIPPluginJar : add tim
2023-10-30 06:52:49,444 [INFO] IPUIPlugin:80 - create IPUIPlugin
2023-10-30 06:52:49,444 [INFO] PluginManager:220 - loadIPPluginJar : add touchsensing
2023-10-30 06:52:49,497 [INFO] IPUIPlugin:80 - create IPUIPlugin
2023-10-30 06:52:49,497 [INFO] PluginManager:220 - loadIPPluginJar : add tracer_emb
2023-10-30 06:52:49,531 [INFO] IPUIPlugin:80 - create IPUIPlugin
2023-10-30 06:52:49,532 [INFO] PluginManager:220 - loadIPPluginJar : add ts
2023-10-30 06:52:49,557 [INFO] IPUIPlugin:80 - create IPUIPlugin
2023-10-30 06:52:49,557 [INFO] PluginManager:220 - loadIPPluginJar : add tsc
2023-10-30 06:52:49,581 [INFO] IPUIPlugin:80 - create IPUIPlugin
2023-10-30 06:52:49,581 [INFO] PluginManager:220 - loadIPPluginJar : add ucpd
2023-10-30 06:52:49,625 [INFO] IPUIPlugin:80 - create IPUIPlugin
2023-10-30 06:52:49,626 [INFO] PluginManager:220 - loadIPPluginJar : add usart
2023-10-30 06:52:49,670 [INFO] IPUIPlugin:80 - create IPUIPlugin
2023-10-30 06:52:49,670 [INFO] PluginManager:220 - loadIPPluginJar : add usbx
2023-10-30 06:52:49,845 [INFO] CADModel:165 - CPN selected for project level
2023-10-30 06:52:49,845 [INFO] CADModel:114 - Register for checkConnection events
2023-10-30 06:52:49,846 [FATAL] Updater:308 - Updater called before beeing initialized
2023-10-30 06:52:49,846 [ERROR] CADModel:125 - Updater not yet initialized, retry later 
2023-10-30 06:52:49,885 [INFO] ThirdPartyUpdaterWithRetryManager:70 - Updater plugin not ready yet. [2/15]
2023-10-30 06:52:50,062 [INFO] CADModel:165 - CPN selected for project level
2023-10-30 06:52:50,062 [INFO] CADModel:114 - Register for checkConnection events
2023-10-30 06:52:50,062 [FATAL] Updater:308 - Updater called before beeing initialized
2023-10-30 06:52:50,062 [ERROR] CADModel:125 - Updater not yet initialized, retry later 
2023-10-30 06:52:50,067 [FATAL] Updater:308 - Updater called before beeing initialized
2023-10-30 06:52:50,240 [FATAL] Updater:308 - Updater called before beeing initialized
2023-10-30 06:52:50,254 [INFO] DbMcusAds:53 - JSON generation date=Tue Mar 07 14:20:55 IST 2023 (1678179055114)
2023-10-30 06:52:50,254 [FATAL] Updater:308 - Updater called before beeing initialized
2023-10-30 06:52:50,301 [WARN] DetailPanel:346 - Failed to get advertising image, set to default
2023-10-30 06:52:50,432 [FATAL] Updater:308 - Updater called before beeing initialized
2023-10-30 06:52:50,435 [FATAL] Updater:308 - Updater called before beeing initialized
2023-10-30 06:52:50,435 [FATAL] Updater:308 - Updater called before beeing initialized
2023-10-30 06:52:50,435 [WARN] DetailPanel:346 - Failed to get advertising image, set to default
2023-10-30 06:52:50,436 [FATAL] Updater:308 - Updater called before beeing initialized
2023-10-30 06:52:50,516 [ERROR] Updater:1120 - MainUpdater not yet initialized. External WinMGr cannot be set.
2023-10-30 06:52:50,527 [INFO] Updater:1056 - Updater Version found : 6.8.1
2023-10-30 06:52:50,548 [INFO] ApplicationProperties:184 - Using Application install path: C:\ST\STM32CubeIDE_1.10.1\STM32CubeIDE\plugins\com.st.stm32cube.common.mx_6.8.1.202304191431
2023-10-30 06:52:52,336 [INFO] MainUpdater:2854 - connection check result : 10
2023-10-30 06:52:52,338 [INFO] MainUpdater:3548 - Updater definition file requires update
2023-10-30 06:52:52,340 [INFO] MainUpdater:283 - Updater Check For Update Now.
2023-10-30 06:52:52,343 [INFO] MicroXplorer:498 - Change Database Version : DB.6.0.81
2023-10-30 06:52:52,920 [WARN] MainUpdater:1187 - Updater busy. Cannot search thirdparties
2023-10-30 06:52:52,928 [INFO] ThirdPartyUpdaterWithRetryManager:96 - Updater plugin is busy. [1/15]
2023-10-30 06:52:53,977 [INFO] ServerAccessManage:473 - Download File updaters.zip
2023-10-30 06:52:54,076 [INFO] FileExtend:240 - Unzip File : updaters.zip
2023-10-30 06:52:54,077 [INFO] FileExtend:255 - Standard Zip Deflate
2023-10-30 06:52:55,663 [INFO] ServerAccessManage:473 - Download File PacksControlFlags.xml
2023-10-30 06:52:55,944 [WARN] MainUpdater:1187 - Updater busy. Cannot search thirdparties
2023-10-30 06:52:55,944 [INFO] ThirdPartyUpdaterWithRetryManager:96 - Updater plugin is busy. [2/15]
2023-10-30 06:52:56,376 [INFO] ServerAccessManage:473 - Download File cubemx.pidx
2023-10-30 06:52:59,067 [WARN] MainUpdater:1187 - Updater busy. Cannot search thirdparties
2023-10-30 06:52:59,068 [INFO] ThirdPartyUpdaterWithRetryManager:96 - Updater plugin is busy. [3/15]
2023-10-30 06:52:59,692 [ERROR] LogOutputStream:75 - [STDERR_REDIRECT] SLF4J: Failed to load class "org.slf4j.impl.StaticLoggerBinder".
2023-10-30 06:52:59,693 [ERROR] LogOutputStream:75 - [STDERR_REDIRECT] SLF4J: Defaulting to no-operation (NOP) logger implementation
2023-10-30 06:52:59,699 [ERROR] LogOutputStream:75 - [STDERR_REDIRECT] SLF4J: See http://www.slf4j.org/codes.html#StaticLoggerBinder for further details.
2023-10-30 06:53:00,166 [INFO] ServerAccessManage:473 - Download File STMicroelectronics.X-CUBE-EEPRMA1.pdsc
2023-10-30 06:53:02,082 [WARN] MainUpdater:1187 - Updater busy. Cannot search thirdparties
2023-10-30 06:53:02,082 [INFO] ThirdPartyUpdaterWithRetryManager:96 - Updater plugin is busy. [4/15]
2023-10-30 06:53:02,546 [ERROR] ServerAccessManage:1089 - Problem, file not found on Server
2023-10-30 06:53:05,101 [WARN] MainUpdater:1187 - Updater busy. Cannot search thirdparties
2023-10-30 06:53:05,121 [INFO] ThirdPartyUpdaterWithRetryManager:96 - Updater plugin is busy. [5/15]
2023-10-30 06:53:07,207 [INFO] ServerAccessManage:473 - Download File STMicroelectronics.X-CUBE-MEMS1.pdsc
2023-10-30 06:53:08,122 [WARN] MainUpdater:1187 - Updater busy. Cannot search thirdparties
2023-10-30 06:53:08,122 [INFO] ThirdPartyUpdaterWithRetryManager:96 - Updater plugin is busy. [6/15]
2023-10-30 06:53:11,125 [WARN] MainUpdater:1187 - Updater busy. Cannot search thirdparties
2023-10-30 06:53:11,125 [INFO] ThirdPartyUpdaterWithRetryManager:96 - Updater plugin is busy. [7/15]
2023-10-30 06:53:14,022 [INFO] MainUpdater:2854 - connection check result : 10
2023-10-30 06:53:14,143 [WARN] MainUpdater:1187 - Updater busy. Cannot search thirdparties
2023-10-30 06:53:14,143 [INFO] ThirdPartyUpdaterWithRetryManager:96 - Updater plugin is busy. [8/15]
2023-10-30 06:53:17,151 [WARN] MainUpdater:1187 - Updater busy. Cannot search thirdparties
2023-10-30 06:53:17,151 [INFO] ThirdPartyUpdaterWithRetryManager:96 - Updater plugin is busy. [9/15]
2023-10-30 06:53:20,154 [WARN] MainUpdater:1187 - Updater busy. Cannot search thirdparties
2023-10-30 06:53:20,154 [INFO] ThirdPartyUpdaterWithRetryManager:96 - Updater plugin is busy. [10/15]
2023-10-30 06:53:23,161 [WARN] MainUpdater:1187 - Updater busy. Cannot search thirdparties
2023-10-30 06:53:23,161 [INFO] ThirdPartyUpdaterWithRetryManager:96 - Updater plugin is busy. [11/15]
2023-10-30 06:53:25,697 [INFO] ServerAccessManage:473 - Download File STMicroelectronics.X-CUBE-TOUCHGFX.pdsc
2023-10-30 06:53:26,165 [WARN] MainUpdater:1187 - Updater busy. Cannot search thirdparties
2023-10-30 06:53:26,165 [INFO] ThirdPartyUpdaterWithRetryManager:96 - Updater plugin is busy. [12/15]
2023-10-30 06:53:29,172 [WARN] MainUpdater:1187 - Updater busy. Cannot search thirdparties
2023-10-30 06:53:29,173 [INFO] ThirdPartyUpdaterWithRetryManager:96 - Updater plugin is busy. [13/15]
2023-10-30 06:53:32,187 [WARN] MainUpdater:1187 - Updater busy. Cannot search thirdparties
2023-10-30 06:53:32,187 [INFO] ThirdPartyUpdaterWithRetryManager:96 - Updater plugin is busy. [14/15]
2023-10-30 06:53:35,192 [WARN] MainUpdater:1187 - Updater busy. Cannot search thirdparties
2023-10-30 06:53:35,192 [INFO] ThirdPartyUpdaterWithRetryManager:96 - Updater plugin is busy. [15/15]
2023-10-30 06:53:35,193 [ERROR] IntegrityCheckThread:130 - Cannot retrieve database content from updater: error -1
2023-10-30 06:53:35,193 [INFO] ThirdParty:978 - Integrity check success = false
2023-10-30 06:53:35,194 [INFO] IntegrityCheckThread:100 - exiting critical section [integrity check]
2023-10-30 06:53:35,194 [INFO] IntegrityCheckThread:103 - End integrity checks thread
2023-10-30 06:53:35,231 [INFO] ApiDb:581 - Connected to CubeFinder SQLite database (C:\Users\harpr\.stmcufinder\plugins\mcufinder\mcu\cube-finder-db.db)
2023-10-30 06:53:35,390 [INFO] ApiDb:668 - CubeFinder database Data Model version=2.1
2023-10-30 06:53:35,390 [INFO] ApiDb:669 - CubeFinder database Configuration version=3.0.37
2023-10-30 06:53:35,390 [INFO] ApiDb:670 - CubeFinder database generation date=2023-08-09 (1691586011)
2023-10-30 06:53:35,390 [INFO] ApiDb:671 - CubeFinder database FW Pack versions=[FP-ATR-ASTRA1_V2.0.0, FP-SNS-FLIGHT1_V5.0.1, FP-SNS-FLIGHT1_V5.0.2, FP-SNS-MOTENV1_V4.3.1, FP-SNS-MOTENV1_V4.3.2, STM32Cube_FW_C0_V1.1.0, STM32Cube_FW_F4_V1.27.1, STM32Cube_FW_F7_V1.17.0, STM32Cube_FW_G0_V1.6.1, STM32Cube_FW_G4_V1.5.1, STM32Cube_FW_H5_V0.5.1, STM32Cube_FW_H5_V1.1.0, STM32Cube_FW_H7_V1.11.0, STM32Cube_FW_L0_V1.12.2, STM32Cube_FW_L5_V1.5.0, STM32Cube_FW_U5_V1.3.0, STM32Cube_FW_U5_V1.3.0RC4, STM32Cube_FW_WBA_V1.0.0RC1, STM32Cube_FW_WBA_V1.1.0, STM32Cube_FW_WBA_V1.1.0RC1, STM32Cube_FW_WB_V1.15.0RC1, STM32Cube_FW_WB_V1.16.0, STM32Cube_FW_WB_V1.16.0RC2, STM32Cube_FW_WB_V1.17.0, STM32Cube_FW_WL_V1.3.0, X-CUBE-ALGOBUILD_V1.3.0, X-CUBE-ALS_V1.0.1, X-CUBE-AZRTOS-F4_V1.1.0, X-CUBE-AZRTOS-F7_V1.1.0, X-CUBE-AZRTOS-G0_V1.1.0, X-CUBE-AZRTOS-G4_V2.0.0, X-CUBE-AZRTOS-H7_V3.1.0, X-CUBE-AZRTOS-L4_V1.0.0, X-CUBE-AZRTOS-L4_V2.0.0, X-CUBE-AZRTOS-L5_V1.1.0, X-CUBE-AZRTOS-WB_V1.1.0, X-CUBE-AZRTOS-WL_V2.0.0, X-CUBE-BLE1_V7.0.0, X-CUBE-BLE2_V3.3.0, X-CUBE-BLEMGR_V2.0.0, X-CUBE-EEPRMA1_V4.1.0, X-CUBE-FREERTOS_V1.1.0, X-CUBE-GNSS1_V6.0.0, X-CUBE-MEMS1_V9.1.0, X-CUBE-MEMS1_V9.4.0, X-CUBE-MEMS1_V9.6.0, X-CUBE-NFC4_V3.0.0, X-CUBE-NFC7_V1.0.0, X-CUBE-SFXS2LP1_V4.0.0, X-CUBE-SUBG2_V5.0.0, X-CUBE-TOF1_V3.3.1]
2023-10-30 06:53:35,599 [INFO] DbBoardsSqlite:226 - include board P-NUCLEO-WB55-NUCLEO as a kit item of type 'Nucleo-64'
2023-10-30 06:53:35,599 [INFO] DbBoardsSqlite:226 - include board P-NUCLEO-WB55-USBDONGLE as a kit item of type 'Nucleo USB Dongle'
2023-10-30 06:53:35,600 [INFO] DbBoardsSqlite:226 - include board STEVAL-IDP005V1 as a kit item of type 'Evaluation Board'
2023-10-30 06:53:35,601 [INFO] DbBoardsSqlite:226 - include board STEVAL-IDP005V2 as a kit item of type 'Evaluation Board'
2023-10-30 06:53:36,197 [INFO] ApiDb:240 - Found 297 in-development CPN: [B-G473E-ZEST1S, B-WB1M-WPAN1, B-WL5M-SUBG1, NUCLEO-C031C6, NUCLEO-H503RB, NUCLEO-H563ZI, NUCLEO-U545RE-Q, NUCLEO-U5A5ZJ-Q, NUCLEO-WBA52CG, STEVAL-PROTEUS1, STEVAL-STWINBX1, STM320518-EVAL, STM32C0116-DK, STM32C011D6Y3TR, STM32C011D6Y6TR, STM32C011F4P3, STM32C011F4P6, STM32C011F4U3, STM32C011F4U6TR, STM32C011F6P3, STM32C011F6P6, STM32C011F6U3, STM32C011F6U6TR, STM32C011J4M3, STM32C011J4M6, STM32C011J6M3, STM32C011J6M6, STM32C0316-DK, STM32C031C4T3, STM32C031C4T6, STM32C031C4U3, STM32C031C4U6, STM32C031C6T3, STM32C031C6T6, STM32C031C6U3, STM32C031C6U6, STM32C031F4P3, STM32C031F4P6, STM32C031F6P3, STM32C031F6P6, STM32C031G4U3, STM32C031G4U6, STM32C031G6U3, STM32C031G6U6, STM32C031K4T3, STM32C031K4T6, STM32C031K4U3, STM32C031K4U6, STM32C031K6T3, STM32C031K6T6, STM32C031K6U3, STM32C031K6U6, STM32G071K8TXN, STM32G071K8UXN, STM32G081GBU6N, STM32G081KBT6N, STM32G081KBUXN, STM32G0B1CCT6N, STM32G0B1KCT6, STM32G0B1NEY6TR, STM32G0B1RCT6N, STM32G0C1CCT6, STM32G0C1CCT6N, STM32G0C1CCU6N, STM32G0C1CET6N, STM32G0C1CEU6N, STM32G0C1KCT6, STM32G0C1NEY6TR, STM32G0C1RCI6N, STM32G0C1RCT6N, STM32G0C1REI6N, STM32G0C1RET6N, STM32G0C1VCI6, STM32G0C1VEI6, STM32G471CCT6, STM32G471CCU6, STM32G471CET3, STM32G471CET6, STM32G471CEU3, STM32G471CEU6, STM32G471MCT6, STM32G471MET3, STM32G471MET6, STM32G471MEY6TR, STM32G471QCT6, STM32G471QET3, STM32G471RCT6, STM32G471RET3, STM32G471RET6, STM32G471VCH6, STM32G471VCI6, STM32G471VCT6, STM32G471VEH3, STM32G471VEH6, STM32G471VEI3, STM32G471VEI6, STM32G471VET3, STM32G471VET6, STM32G474CCT6, STM32H503CBT6, STM32H503CBU6, STM32H503EBY6TR, STM32H503KBU6, STM32H503RBT6, STM32H562AGI6, STM32H562AII6, STM32H562IGK6, STM32H562IGT6, STM32H562IIK6, STM32H562IIT6, STM32H562RGT6, STM32H562RGV6, STM32H562RIT6, STM32H562RIV6, STM32H562VGT6, STM32H562VIT6, STM32H562ZGT6, STM32H562ZIT6, STM32H563AGI6, STM32H563AII3Q, STM32H563AII6, STM32H563IGK6, STM32H563IGT6, STM32H563IIK3Q, STM32H563IIK6, STM32H563IIT3Q, STM32H563IIT6, STM32H563MIY3QTR, STM32H563RGT6, STM32H563RGV6, STM32H563RIT6, STM32H563RIV6, STM32H563VGT6, STM32H563VIT3Q, STM32H563VIT6, STM32H563ZGT6, STM32H563ZIT3Q, STM32H563ZIT6, STM32H573AII3Q, STM32H573AII6, STM32H573I-DK, STM32H573IIK3Q, STM32H573IIK6, STM32H573IIT3Q, STM32H573IIT6, STM32H573MIY3QTR, STM32H573RIT6, STM32H573RIV6, STM32H573VIT3Q, STM32H573VIT6, STM32H573ZIT3Q, STM32H573ZIT6, STM32L4R5QGI6STR, STM32MP131AAE3, STM32MP131AAF3, STM32MP131AAG3, STM32MP131CAE3, STM32MP131CAF3, STM32MP131CAG3, STM32MP131DAE7, STM32MP131DAF7, STM32MP131DAG7, STM32MP131FAE7, STM32MP131FAF7, STM32MP131FAG7, STM32MP133AAE3, STM32MP133AAF3, STM32MP133AAG3, STM32MP133CAE3, STM32MP133CAF3, STM32MP133CAG3, STM32MP133DAE7, STM32MP133DAF7, STM32MP133DAG7, STM32MP133FAE7, STM32MP133FAF7, STM32MP133FAG7, STM32MP135AAE3, STM32MP135AAF3, STM32MP135AAG3, STM32MP135CAE3, STM32MP135CAF3, STM32MP135CAG3, STM32MP135DAE7, STM32MP135DAF7, STM32MP135DAG7, STM32MP135F-DK, STM32MP135FAE7, STM32MP135FAF7, STM32MP135FAF7T, STM32MP135FAF7U, STM32MP135FAG7, STM32U535CBT6, STM32U535CBT6Q, STM32U535CBU6, STM32U535CBU6Q, STM32U535CCT6, STM32U535CCT6Q, STM32U535CCU6, STM32U535CCU6Q, STM32U535CET6, STM32U535CET6Q, STM32U535CEU6, STM32U535CEU6Q, STM32U535JEY6QTR, STM32U535NCY6QTR, STM32U535NEY6QTR, STM32U535RBI6, STM32U535RBI6Q, STM32U535RBT6, STM32U535RBT6Q, STM32U535RCI6, STM32U535RCI6Q, STM32U535RCT6, STM32U535RCT6Q, STM32U535REI6, STM32U535REI6Q, STM32U535RET6, STM32U535RET6Q, STM32U535VCI6, STM32U535VCI6Q, STM32U535VCT6, STM32U535VCT6Q, STM32U535VEI6, STM32U535VEI6Q, STM32U535VET6, STM32U535VET6Q, STM32U545CET6, STM32U545CET6Q, STM32U545CEU6, STM32U545CEU6Q, STM32U545JEY6QTR, STM32U545NEY6QTR, STM32U545REI6, STM32U545REI6Q, STM32U545RET6, STM32U545RET6Q, STM32U545VEI6, STM32U545VEI6Q, STM32U545VET6, STM32U545VET6Q, STM32U595AIH6, STM32U595AIH6Q, STM32U595AJH6, STM32U595AJH6Q, STM32U595QII6, STM32U595QII6Q, STM32U595QJI6, STM32U595QJI6Q, STM32U595RIT6, STM32U595RIT6Q, STM32U595RJT6, STM32U595RJT6Q, STM32U595VIT6, STM32U595VIT6Q, STM32U595VJT6, STM32U595VJT6Q, STM32U595ZIT6, STM32U595ZIT6Q, STM32U595ZIY6QTR, STM32U595ZJT6, STM32U595ZJT6Q, STM32U595ZJY6QTR, STM32U599BJY6QTR, STM32U599NIH6Q, STM32U599NJH6Q, STM32U599VIT6Q, STM32U599VJT6, STM32U599VJT6Q, STM32U599ZIT6Q, STM32U599ZIY6QTR, STM32U599ZJT6Q, STM32U599ZJY6QTR, STM32U5A5AJH6, STM32U5A5AJH6Q, STM32U5A5QJI6, STM32U5A5QJI6Q, STM32U5A5RJT6, STM32U5A5RJT6Q, STM32U5A5VJT6, STM32U5A5VJT6Q, STM32U5A5ZJT6, STM32U5A5ZJT6Q, STM32U5A5ZJY6QTR, STM32U5A9BJY6QTR, STM32U5A9J-DK, STM32U5A9NJH6Q, STM32U5A9VJT6Q, STM32U5A9ZJT6Q, STM32U5A9ZJY6QTR, STM32WB1MMCH6, STM32WBA52CEU6, STM32WBA52CEU6T, STM32WBA52CGU6, STM32WBA52CGU6T, STM32WL5MOCH6, STM32WL5MOCH6TR]
2023-10-30 06:53:36,204 [INFO] ApiDb:668 - CubeFinder database Data Model version=2.1
2023-10-30 06:53:36,205 [INFO] ApiDb:669 - CubeFinder database Configuration version=3.0.37
2023-10-30 06:53:36,205 [INFO] ApiDb:670 - CubeFinder database generation date=2023-08-09 (1691586011)
2023-10-30 06:53:36,205 [INFO] ApiDb:671 - CubeFinder database FW Pack versions=[FP-ATR-ASTRA1_V2.0.0, FP-SNS-FLIGHT1_V5.0.1, FP-SNS-FLIGHT1_V5.0.2, FP-SNS-MOTENV1_V4.3.1, FP-SNS-MOTENV1_V4.3.2, STM32Cube_FW_C0_V1.1.0, STM32Cube_FW_F4_V1.27.1, STM32Cube_FW_F7_V1.17.0, STM32Cube_FW_G0_V1.6.1, STM32Cube_FW_G4_V1.5.1, STM32Cube_FW_H5_V0.5.1, STM32Cube_FW_H5_V1.1.0, STM32Cube_FW_H7_V1.11.0, STM32Cube_FW_L0_V1.12.2, STM32Cube_FW_L5_V1.5.0, STM32Cube_FW_U5_V1.3.0, STM32Cube_FW_U5_V1.3.0RC4, STM32Cube_FW_WBA_V1.0.0RC1, STM32Cube_FW_WBA_V1.1.0, STM32Cube_FW_WBA_V1.1.0RC1, STM32Cube_FW_WB_V1.15.0RC1, STM32Cube_FW_WB_V1.16.0, STM32Cube_FW_WB_V1.16.0RC2, STM32Cube_FW_WB_V1.17.0, STM32Cube_FW_WL_V1.3.0, X-CUBE-ALGOBUILD_V1.3.0, X-CUBE-ALS_V1.0.1, X-CUBE-AZRTOS-F4_V1.1.0, X-CUBE-AZRTOS-F7_V1.1.0, X-CUBE-AZRTOS-G0_V1.1.0, X-CUBE-AZRTOS-G4_V2.0.0, X-CUBE-AZRTOS-H7_V3.1.0, X-CUBE-AZRTOS-L4_V1.0.0, X-CUBE-AZRTOS-L4_V2.0.0, X-CUBE-AZRTOS-L5_V1.1.0, X-CUBE-AZRTOS-WB_V1.1.0, X-CUBE-AZRTOS-WL_V2.0.0, X-CUBE-BLE1_V7.0.0, X-CUBE-BLE2_V3.3.0, X-CUBE-BLEMGR_V2.0.0, X-CUBE-EEPRMA1_V4.1.0, X-CUBE-FREERTOS_V1.1.0, X-CUBE-GNSS1_V6.0.0, X-CUBE-MEMS1_V9.1.0, X-CUBE-MEMS1_V9.4.0, X-CUBE-MEMS1_V9.6.0, X-CUBE-NFC4_V3.0.0, X-CUBE-NFC7_V1.0.0, X-CUBE-SFXS2LP1_V4.0.0, X-CUBE-SUBG2_V5.0.0, X-CUBE-TOF1_V3.3.1]
2023-10-30 06:53:39,777 [INFO] ApiDb:240 - Found 297 in-development CPN: [B-G473E-ZEST1S, B-WB1M-WPAN1, B-WL5M-SUBG1, NUCLEO-C031C6, NUCLEO-H503RB, NUCLEO-H563ZI, NUCLEO-U545RE-Q, NUCLEO-U5A5ZJ-Q, NUCLEO-WBA52CG, STEVAL-PROTEUS1, STEVAL-STWINBX1, STM320518-EVAL, STM32C0116-DK, STM32C011D6Y3TR, STM32C011D6Y6TR, STM32C011F4P3, STM32C011F4P6, STM32C011F4U3, STM32C011F4U6TR, STM32C011F6P3, STM32C011F6P6, STM32C011F6U3, STM32C011F6U6TR, STM32C011J4M3, STM32C011J4M6, STM32C011J6M3, STM32C011J6M6, STM32C0316-DK, STM32C031C4T3, STM32C031C4T6, STM32C031C4U3, STM32C031C4U6, STM32C031C6T3, STM32C031C6T6, STM32C031C6U3, STM32C031C6U6, STM32C031F4P3, STM32C031F4P6, STM32C031F6P3, STM32C031F6P6, STM32C031G4U3, STM32C031G4U6, STM32C031G6U3, STM32C031G6U6, STM32C031K4T3, STM32C031K4T6, STM32C031K4U3, STM32C031K4U6, STM32C031K6T3, STM32C031K6T6, STM32C031K6U3, STM32C031K6U6, STM32G071K8TXN, STM32G071K8UXN, STM32G081GBU6N, STM32G081KBT6N, STM32G081KBUXN, STM32G0B1CCT6N, STM32G0B1KCT6, STM32G0B1NEY6TR, STM32G0B1RCT6N, STM32G0C1CCT6, STM32G0C1CCT6N, STM32G0C1CCU6N, STM32G0C1CET6N, STM32G0C1CEU6N, STM32G0C1KCT6, STM32G0C1NEY6TR, STM32G0C1RCI6N, STM32G0C1RCT6N, STM32G0C1REI6N, STM32G0C1RET6N, STM32G0C1VCI6, STM32G0C1VEI6, STM32G471CCT6, STM32G471CCU6, STM32G471CET3, STM32G471CET6, STM32G471CEU3, STM32G471CEU6, STM32G471MCT6, STM32G471MET3, STM32G471MET6, STM32G471MEY6TR, STM32G471QCT6, STM32G471QET3, STM32G471RCT6, STM32G471RET3, STM32G471RET6, STM32G471VCH6, STM32G471VCI6, STM32G471VCT6, STM32G471VEH3, STM32G471VEH6, STM32G471VEI3, STM32G471VEI6, STM32G471VET3, STM32G471VET6, STM32G474CCT6, STM32H503CBT6, STM32H503CBU6, STM32H503EBY6TR, STM32H503KBU6, STM32H503RBT6, STM32H562AGI6, STM32H562AII6, STM32H562IGK6, STM32H562IGT6, STM32H562IIK6, STM32H562IIT6, STM32H562RGT6, STM32H562RGV6, STM32H562RIT6, STM32H562RIV6, STM32H562VGT6, STM32H562VIT6, STM32H562ZGT6, STM32H562ZIT6, STM32H563AGI6, STM32H563AII3Q, STM32H563AII6, STM32H563IGK6, STM32H563IGT6, STM32H563IIK3Q, STM32H563IIK6, STM32H563IIT3Q, STM32H563IIT6, STM32H563MIY3QTR, STM32H563RGT6, STM32H563RGV6, STM32H563RIT6, STM32H563RIV6, STM32H563VGT6, STM32H563VIT3Q, STM32H563VIT6, STM32H563ZGT6, STM32H563ZIT3Q, STM32H563ZIT6, STM32H573AII3Q, STM32H573AII6, STM32H573I-DK, STM32H573IIK3Q, STM32H573IIK6, STM32H573IIT3Q, STM32H573IIT6, STM32H573MIY3QTR, STM32H573RIT6, STM32H573RIV6, STM32H573VIT3Q, STM32H573VIT6, STM32H573ZIT3Q, STM32H573ZIT6, STM32L4R5QGI6STR, STM32MP131AAE3, STM32MP131AAF3, STM32MP131AAG3, STM32MP131CAE3, STM32MP131CAF3, STM32MP131CAG3, STM32MP131DAE7, STM32MP131DAF7, STM32MP131DAG7, STM32MP131FAE7, STM32MP131FAF7, STM32MP131FAG7, STM32MP133AAE3, STM32MP133AAF3, STM32MP133AAG3, STM32MP133CAE3, STM32MP133CAF3, STM32MP133CAG3, STM32MP133DAE7, STM32MP133DAF7, STM32MP133DAG7, STM32MP133FAE7, STM32MP133FAF7, STM32MP133FAG7, STM32MP135AAE3, STM32MP135AAF3, STM32MP135AAG3, STM32MP135CAE3, STM32MP135CAF3, STM32MP135CAG3, STM32MP135DAE7, STM32MP135DAF7, STM32MP135DAG7, STM32MP135F-DK, STM32MP135FAE7, STM32MP135FAF7, STM32MP135FAF7T, STM32MP135FAF7U, STM32MP135FAG7, STM32U535CBT6, STM32U535CBT6Q, STM32U535CBU6, STM32U535CBU6Q, STM32U535CCT6, STM32U535CCT6Q, STM32U535CCU6, STM32U535CCU6Q, STM32U535CET6, STM32U535CET6Q, STM32U535CEU6, STM32U535CEU6Q, STM32U535JEY6QTR, STM32U535NCY6QTR, STM32U535NEY6QTR, STM32U535RBI6, STM32U535RBI6Q, STM32U535RBT6, STM32U535RBT6Q, STM32U535RCI6, STM32U535RCI6Q, STM32U535RCT6, STM32U535RCT6Q, STM32U535REI6, STM32U535REI6Q, STM32U535RET6, STM32U535RET6Q, STM32U535VCI6, STM32U535VCI6Q, STM32U535VCT6, STM32U535VCT6Q, STM32U535VEI6, STM32U535VEI6Q, STM32U535VET6, STM32U535VET6Q, STM32U545CET6, STM32U545CET6Q, STM32U545CEU6, STM32U545CEU6Q, STM32U545JEY6QTR, STM32U545NEY6QTR, STM32U545REI6, STM32U545REI6Q, STM32U545RET6, STM32U545RET6Q, STM32U545VEI6, STM32U545VEI6Q, STM32U545VET6, STM32U545VET6Q, STM32U595AIH6, STM32U595AIH6Q, STM32U595AJH6, STM32U595AJH6Q, STM32U595QII6, STM32U595QII6Q, STM32U595QJI6, STM32U595QJI6Q, STM32U595RIT6, STM32U595RIT6Q, STM32U595RJT6, STM32U595RJT6Q, STM32U595VIT6, STM32U595VIT6Q, STM32U595VJT6, STM32U595VJT6Q, STM32U595ZIT6, STM32U595ZIT6Q, STM32U595ZIY6QTR, STM32U595ZJT6, STM32U595ZJT6Q, STM32U595ZJY6QTR, STM32U599BJY6QTR, STM32U599NIH6Q, STM32U599NJH6Q, STM32U599VIT6Q, STM32U599VJT6, STM32U599VJT6Q, STM32U599ZIT6Q, STM32U599ZIY6QTR, STM32U599ZJT6Q, STM32U599ZJY6QTR, STM32U5A5AJH6, STM32U5A5AJH6Q, STM32U5A5QJI6, STM32U5A5QJI6Q, STM32U5A5RJT6, STM32U5A5RJT6Q, STM32U5A5VJT6, STM32U5A5VJT6Q, STM32U5A5ZJT6, STM32U5A5ZJT6Q, STM32U5A5ZJY6QTR, STM32U5A9BJY6QTR, STM32U5A9J-DK, STM32U5A9NJH6Q, STM32U5A9VJT6Q, STM32U5A9ZJT6Q, STM32U5A9ZJY6QTR, STM32WB1MMCH6, STM32WBA52CEU6, STM32WBA52CEU6T, STM32WBA52CGU6, STM32WBA52CGU6T, STM32WL5MOCH6, STM32WL5MOCH6TR]
2023-10-30 06:53:39,819 [INFO] DbMcus:216 - Found 3825 MCUs, 3825 are supported
2023-10-30 06:53:39,830 [INFO] ApiDb:423 - Load user favorites file C:\Users\harpr/.stm32cubeide/favorites.mcus.txt: 0 item(s)
2023-10-30 06:53:39,830 [INFO] ApiDb:427 - User favorites MCUs=[]
2023-10-30 06:53:39,830 [INFO] DbMcus:222 - Set 0 / 0 favorites MCUs
2023-10-30 06:53:40,184 [INFO] ServerAccessManage:473 - Download File ITTIA_DB.I-CUBE-ITTIADB.pdsc
2023-10-30 06:53:41,288 [INFO] BoardInfo:880 - No configuration file found for board P-NUCLEO-WB55
2023-10-30 06:53:41,288 [INFO] DbBoards:157 - Kit is not supported: P-NUCLEO-WB55
2023-10-30 06:53:41,294 [INFO] BoardInfo:880 - No configuration file found for board STEVAL-BFA001V1B
2023-10-30 06:53:41,295 [INFO] DbBoards:157 - Kit is not supported: STEVAL-BFA001V1B
2023-10-30 06:53:41,296 [INFO] BoardInfo:880 - No configuration file found for board STEVAL-BFA001V2B
2023-10-30 06:53:41,296 [INFO] DbBoards:157 - Kit is not supported: STEVAL-BFA001V2B
2023-10-30 06:53:41,310 [INFO] BoardInfo:880 - No configuration file found for board STEVAL-SMARTAG2
2023-10-30 06:53:41,310 [INFO] DbBoards:157 - Board is not supported: STEVAL-SMARTAG2
2023-10-30 06:53:41,499 [INFO] DbBoards:161 - Found 188 boards, 184 are supported
2023-10-30 06:53:41,517 [INFO] ApiDb:423 - Load user favorites file C:\Users\harpr/.stm32cubeide/favorites.boards.txt: 2 item(s)
2023-10-30 06:53:41,517 [INFO] ApiDb:427 - User favorites Boards=[NUCLEO-F446RE, STM32F411E-DISCO]
2023-10-30 06:53:41,517 [INFO] DbBoards:190 - Set 2 / 2 favorites Boards
2023-10-30 06:53:41,518 [INFO] McuFinderGlobals:66 - Set McuFinderConnectedMode to true
2023-10-30 06:53:41,545 [INFO] MultiScanPanel:200 - Auto-refresh data requested => check proxy status ongoing
2023-10-30 06:53:41,576 [INFO] FinderPluginLoader:95 - Searching for filters in installed packs
2023-10-30 06:53:44,981 [INFO] ServerAccessManage:473 - Download File Infineon.AIROC-Wi-Fi-Bluetooth-STM32.pdsc
2023-10-30 06:53:47,317 [ERROR] WebUtils:388 - Updater is busy
2023-10-30 06:53:47,317 [WARN] DetailPanel:346 - Failed to get advertising image, set to default
2023-10-30 06:53:48,146 [WARN] PackLoader:240 - Cannot read IP mode file for STMicroelectronics.X-CUBE-EEPRMA1.4.2.0
2023-10-30 06:53:48,805 [WARN] PackLoader:240 - Cannot read IP mode file for STMicroelectronics.X-CUBE-MEMS1.10.0.0
2023-10-30 06:53:49,292 [INFO] CheckServerUpdateThread:120 - End of CheckServer Thread
2023-10-30 06:53:49,786 [WARN] PackLoader:240 - Cannot read IP mode file for STMicroelectronics.X-CUBE-TOUCHGFX.4.22.1
2023-10-30 06:53:49,844 [WARN] PackLoader:240 - Cannot read IP mode file for ITTIA_DB.I-CUBE-ITTIADB.8.8.0
2023-10-30 06:53:50,167 [WARN] PackLoader:240 - Cannot read IP mode file for Infineon.AIROC-Wi-Fi-Bluetooth-STM32.1.5.1
2023-10-30 06:53:50,175 [INFO] PopulateThirdPartyThread:66 - Ending populate Thread
2023-10-30 06:53:50,182 [INFO] ThirdParty:1030 - CMSIS Pack Vendor :STMicroelectronics X-CUBE-MEMS1 10.0.0
2023-10-30 06:53:50,182 [INFO] ThirdParty:1030 - CMSIS Pack Vendor :STMicroelectronics X-CUBE-TOUCHGFX 4.22.1
2023-10-30 06:53:50,182 [INFO] ThirdParty:1030 - CMSIS Pack Vendor :Infineon AIROC-Wi-Fi-Bluetooth-STM32 1.5.1
2023-10-30 06:53:50,182 [INFO] ThirdParty:1030 - CMSIS Pack Vendor :STMicroelectronics X-CUBE-EEPRMA1 4.2.0
2023-10-30 06:53:50,182 [INFO] ThirdParty:1030 - CMSIS Pack Vendor :ITTIA_DB I-CUBE-ITTIADB 8.8.0
2023-10-30 06:53:50,183 [INFO] LoadServerUpdatesThread:373 - End of LoadServerUpdate Thread
2023-10-30 06:54:12,186 [INFO] MultiScanPanel:200 - Auto-refresh data requested => check proxy status ongoing
2023-10-30 06:54:12,377 [INFO] LoadUrlFilesThread:185 - End of LoadServerUrlFiles without Thread
2023-10-30 06:54:12,389 [INFO] DetailPanel:341 - Set advertising image to C:/Users/harpr/STM32Cube/Repository/\en.prom-stm32h5-mcu-finder.jpg
2023-10-30 06:54:53,719 [INFO] McuFinderGlobals:66 - Set McuFinderConnectedMode to true
2023-10-30 06:54:53,722 [INFO] ApiDb:448 - Save user favorites file C:\Users\harpr/.stm32cubeide/favorites.mcus.txt: 0 item(s)
2023-10-30 06:54:53,723 [INFO] ApiDb:452 - User favorites MCUs=[]
2023-10-30 06:54:53,727 [INFO] ApiDb:448 - Save user favorites file C:\Users\harpr/.stm32cubeide/favorites.boards.txt: 2 item(s)
2023-10-30 06:54:53,728 [INFO] ApiDb:452 - User favorites Boards=[NUCLEO-F446RE, STM32F411E-DISCO]
2023-10-30 08:13:23,374 [INFO] LogOutputStream:77 - [STDOUT_REDIRECT] StartTraceHandler.execute(), success : Collect=true
2023-10-30 08:19:58,828 [INFO] MainUpdater:2854 - connection check result : 10
2023-10-30 08:19:58,835 [INFO] McuFinderGlobals:66 - Set McuFinderConnectedMode to true
2023-10-30 08:19:59,330 [INFO] ServerAccessManage:473 - Download File mcusAds.json._tmp_
2023-10-30 08:19:59,469 [INFO] LoadUrlFilesThread:156 - End of LoadUrlFiles Thread
2023-10-30 08:20:01,289 [INFO] ServerAccessManage:473 - Download File cube-finder-db.zip
2023-10-30 08:20:21,325 [INFO] FileExtend:240 - Unzip File : cube-finder-db.zip
2023-10-30 08:20:21,325 [INFO] FileExtend:255 - Standard Zip Deflate
2023-10-30 08:20:22,281 [INFO] LoadUrlFilesThread:156 - End of LoadUrlFiles Thread
2023-10-30 08:20:23,047 [INFO] ServerAccessManage:473 - Download File crdb.zip
2023-10-30 08:20:24,087 [INFO] FileExtend:240 - Unzip File : crdb.zip
2023-10-30 08:20:24,088 [INFO] FileExtend:255 - Standard Zip Deflate
2023-10-30 08:20:24,257 [INFO] LoadUrlFilesThread:156 - End of LoadUrlFiles Thread
2023-10-30 08:20:25,651 [INFO] ServerAccessManage:473 - Download File tutoVideoDB.zip
2023-10-30 08:20:25,712 [INFO] FileExtend:240 - Unzip File : tutoVideoDB.zip
2023-10-30 08:20:25,713 [INFO] FileExtend:255 - Standard Zip Deflate
2023-10-30 08:20:25,855 [INFO] LoadUrlFilesThread:156 - End of LoadUrlFiles Thread
2023-10-30 08:20:25,862 [WARN] DbFile:41 - Overriding database path with different value: C:\Users\harpr\.stmcufinder\plugins\mcufinder/ => C:\Users\harpr\.stmcufinder\plugins\mcufinder
2023-10-30 08:20:26,639 [INFO] ServerAccessManage:473 - Download File api_config.json
2023-10-30 08:20:26,758 [INFO] LoadUrlFilesThread:156 - End of LoadUrlFiles Thread
2023-10-30 08:20:26,759 [INFO] DbMcusAds:53 - JSON generation date=Tue Mar 07 14:20:55 IST 2023 (1678179055114)
2023-10-30 08:20:26,762 [INFO] ApiDb:448 - Save user favorites file C:\Users\harpr/.stm32cubeide/favorites.mcus.txt: 0 item(s)
2023-10-30 08:20:26,762 [INFO] ApiDb:452 - User favorites MCUs=[]
2023-10-30 08:20:26,767 [INFO] ApiDb:581 - Connected to CubeFinder SQLite database (C:\Users\harpr\.stmcufinder\plugins\mcufinder\mcu\cube-finder-db.db)
2023-10-30 08:20:26,896 [INFO] ApiDb:668 - CubeFinder database Data Model version=2.1
2023-10-30 08:20:26,896 [INFO] ApiDb:669 - CubeFinder database Configuration version=3.0.37
2023-10-30 08:20:26,896 [INFO] ApiDb:670 - CubeFinder database generation date=2023-10-13 (1697197505)
2023-10-30 08:20:26,896 [INFO] ApiDb:671 - CubeFinder database FW Pack versions=[FP-ATR-ASTRA1_V2.0.0, FP-SNS-FLIGHT1_V5.0.1, FP-SNS-FLIGHT1_V5.0.2, FP-SNS-MOTENV1_V4.3.1, FP-SNS-MOTENV1_V4.3.2, FP-SNS-SMARTAG2_V1.2.0, I-CUBE-ITTIADB_V8.6.3-1, STM32Cube_FW_C0_V1.1.0, STM32Cube_FW_F4_V1.27.1, STM32Cube_FW_F7_V1.17.0, STM32Cube_FW_G0_V1.6.1, STM32Cube_FW_G4_V1.5.1, STM32Cube_FW_H5_V0.5.1, STM32Cube_FW_H5_V1.1.1, STM32Cube_FW_H7_V1.11.0, STM32Cube_FW_L0_V1.12.2, STM32Cube_FW_L5_V1.5.0, STM32Cube_FW_U5_V1.3.0, STM32Cube_FW_U5_V1.3.0RC4, STM32Cube_FW_WBA_V1.0.0RC1, STM32Cube_FW_WBA_V1.1.0RC1, STM32Cube_FW_WBA_V1.1.1, STM32Cube_FW_WB_V1.15.0RC1, STM32Cube_FW_WB_V1.16.0, STM32Cube_FW_WB_V1.16.0RC2, STM32Cube_FW_WB_V1.17.3, STM32Cube_FW_WL_V1.3.0, X-CUBE-ALGOBUILD_V1.3.0, X-CUBE-ALS_V1.0.1, X-CUBE-AZRTOS-F4_V1.1.0, X-CUBE-AZRTOS-F7_V1.1.0, X-CUBE-AZRTOS-G0_V1.1.0, X-CUBE-AZRTOS-G4_V2.0.0, X-CUBE-AZRTOS-H7_V3.1.0, X-CUBE-AZRTOS-L4_V1.0.0, X-CUBE-AZRTOS-L4_V2.0.0, X-CUBE-AZRTOS-L5_V1.1.0, X-CUBE-AZRTOS-WB_V2.0.0, X-CUBE-AZRTOS-WL_V2.0.0, X-CUBE-BLE1_V7.0.0, X-CUBE-BLE2_V3.3.0, X-CUBE-BLEMGR_V2.0.0, X-CUBE-EEPRMA1_V4.1.0, X-CUBE-FREERTOS_V1.1.0, X-CUBE-GNSS1_V6.0.0, X-CUBE-MEMS1_V10.0.0, X-CUBE-MEMS1_V9.1.0, X-CUBE-MEMS1_V9.4.0, X-CUBE-MEMS1_V9.6.0, X-CUBE-NFC4_V3.0.0, X-CUBE-NFC7_V1.0.1, X-CUBE-SFXS2LP1_V4.0.0, X-CUBE-SUBG2_V5.0.0, X-CUBE-TOF1_V3.3.1]
2023-10-30 08:20:29,127 [INFO] ApiDb:240 - Found 297 in-development CPN: [B-G473E-ZEST1S, B-WB1M-WPAN1, B-WL5M-SUBG1, NUCLEO-C031C6, NUCLEO-H503RB, NUCLEO-H563ZI, NUCLEO-U545RE-Q, NUCLEO-U5A5ZJ-Q, NUCLEO-WBA52CG, STEVAL-PROTEUS1, STEVAL-STWINBX1, STM320518-EVAL, STM32C0116-DK, STM32C011D6Y3TR, STM32C011D6Y6TR, STM32C011F4P3, STM32C011F4P6, STM32C011F4U3, STM32C011F4U6TR, STM32C011F6P3, STM32C011F6P6, STM32C011F6U3, STM32C011F6U6TR, STM32C011J4M3, STM32C011J4M6, STM32C011J6M3, STM32C011J6M6, STM32C0316-DK, STM32C031C4T3, STM32C031C4T6, STM32C031C4U3, STM32C031C4U6, STM32C031C6T3, STM32C031C6T6, STM32C031C6U3, STM32C031C6U6, STM32C031F4P3, STM32C031F4P6, STM32C031F6P3, STM32C031F6P6, STM32C031G4U3, STM32C031G4U6, STM32C031G6U3, STM32C031G6U6, STM32C031K4T3, STM32C031K4T6, STM32C031K4U3, STM32C031K4U6, STM32C031K6T3, STM32C031K6T6, STM32C031K6U3, STM32C031K6U6, STM32G071K8TXN, STM32G071K8UXN, STM32G081GBU6N, STM32G081KBT6N, STM32G081KBUXN, STM32G0B1CCT6N, STM32G0B1KCT6, STM32G0B1NEY6TR, STM32G0B1RCT6N, STM32G0C1CCT6, STM32G0C1CCT6N, STM32G0C1CCU6N, STM32G0C1CET6N, STM32G0C1CEU6N, STM32G0C1KCT6, STM32G0C1NEY6TR, STM32G0C1RCI6N, STM32G0C1RCT6N, STM32G0C1REI6N, STM32G0C1RET6N, STM32G0C1VCI6, STM32G0C1VEI6, STM32G471CCT6, STM32G471CCU6, STM32G471CET3, STM32G471CET6, STM32G471CEU3, STM32G471CEU6, STM32G471MCT6, STM32G471MET3, STM32G471MET6, STM32G471MEY6TR, STM32G471QCT6, STM32G471QET3, STM32G471RCT6, STM32G471RET3, STM32G471RET6, STM32G471VCH6, STM32G471VCI6, STM32G471VCT6, STM32G471VEH3, STM32G471VEH6, STM32G471VEI3, STM32G471VEI6, STM32G471VET3, STM32G471VET6, STM32G474CCT6, STM32H503CBT6, STM32H503CBU6, STM32H503EBY6TR, STM32H503KBU6, STM32H503RBT6, STM32H562AGI6, STM32H562AII6, STM32H562IGK6, STM32H562IGT6, STM32H562IIK6, STM32H562IIT6, STM32H562RGT6, STM32H562RGV6, STM32H562RIT6, STM32H562RIV6, STM32H562VGT6, STM32H562VIT6, STM32H562ZGT6, STM32H562ZIT6, STM32H563AGI6, STM32H563AII3Q, STM32H563AII6, STM32H563IGK6, STM32H563IGT6, STM32H563IIK3Q, STM32H563IIK6, STM32H563IIT3Q, STM32H563IIT6, STM32H563MIY3QTR, STM32H563RGT6, STM32H563RGV6, STM32H563RIT6, STM32H563RIV6, STM32H563VGT6, STM32H563VIT3Q, STM32H563VIT6, STM32H563ZGT6, STM32H563ZIT3Q, STM32H563ZIT6, STM32H573AII3Q, STM32H573AII6, STM32H573I-DK, STM32H573IIK3Q, STM32H573IIK6, STM32H573IIT3Q, STM32H573IIT6, STM32H573MIY3QTR, STM32H573RIT6, STM32H573RIV6, STM32H573VIT3Q, STM32H573VIT6, STM32H573ZIT3Q, STM32H573ZIT6, STM32L4R5QGI6STR, STM32MP131AAE3, STM32MP131AAF3, STM32MP131AAG3, STM32MP131CAE3, STM32MP131CAF3, STM32MP131CAG3, STM32MP131DAE7, STM32MP131DAF7, STM32MP131DAG7, STM32MP131FAE7, STM32MP131FAF7, STM32MP131FAG7, STM32MP133AAE3, STM32MP133AAF3, STM32MP133AAG3, STM32MP133CAE3, STM32MP133CAF3, STM32MP133CAG3, STM32MP133DAE7, STM32MP133DAF7, STM32MP133DAG7, STM32MP133FAE7, STM32MP133FAF7, STM32MP133FAG7, STM32MP135AAE3, STM32MP135AAF3, STM32MP135AAG3, STM32MP135CAE3, STM32MP135CAF3, STM32MP135CAG3, STM32MP135DAE7, STM32MP135DAF7, STM32MP135DAG7, STM32MP135F-DK, STM32MP135FAE7, STM32MP135FAF7, STM32MP135FAF7T, STM32MP135FAF7U, STM32MP135FAG7, STM32U535CBT6, STM32U535CBT6Q, STM32U535CBU6, STM32U535CBU6Q, STM32U535CCT6, STM32U535CCT6Q, STM32U535CCU6, STM32U535CCU6Q, STM32U535CET6, STM32U535CET6Q, STM32U535CEU6, STM32U535CEU6Q, STM32U535JEY6QTR, STM32U535NCY6QTR, STM32U535NEY6QTR, STM32U535RBI6, STM32U535RBI6Q, STM32U535RBT6, STM32U535RBT6Q, STM32U535RCI6, STM32U535RCI6Q, STM32U535RCT6, STM32U535RCT6Q, STM32U535REI6, STM32U535REI6Q, STM32U535RET6, STM32U535RET6Q, STM32U535VCI6, STM32U535VCI6Q, STM32U535VCT6, STM32U535VCT6Q, STM32U535VEI6, STM32U535VEI6Q, STM32U535VET6, STM32U535VET6Q, STM32U545CET6, STM32U545CET6Q, STM32U545CEU6, STM32U545CEU6Q, STM32U545JEY6QTR, STM32U545NEY6QTR, STM32U545REI6, STM32U545REI6Q, STM32U545RET6, STM32U545RET6Q, STM32U545VEI6, STM32U545VEI6Q, STM32U545VET6, STM32U545VET6Q, STM32U595AIH6, STM32U595AIH6Q, STM32U595AJH6, STM32U595AJH6Q, STM32U595QII6, STM32U595QII6Q, STM32U595QJI6, STM32U595QJI6Q, STM32U595RIT6, STM32U595RIT6Q, STM32U595RJT6, STM32U595RJT6Q, STM32U595VIT6, STM32U595VIT6Q, STM32U595VJT6, STM32U595VJT6Q, STM32U595ZIT6, STM32U595ZIT6Q, STM32U595ZIY6QTR, STM32U595ZJT6, STM32U595ZJT6Q, STM32U595ZJY6QTR, STM32U599BJY6QTR, STM32U599NIH6Q, STM32U599NJH6Q, STM32U599VIT6Q, STM32U599VJT6, STM32U599VJT6Q, STM32U599ZIT6Q, STM32U599ZIY6QTR, STM32U599ZJT6Q, STM32U599ZJY6QTR, STM32U5A5AJH6, STM32U5A5AJH6Q, STM32U5A5QJI6, STM32U5A5QJI6Q, STM32U5A5RJT6, STM32U5A5RJT6Q, STM32U5A5VJT6, STM32U5A5VJT6Q, STM32U5A5ZJT6, STM32U5A5ZJT6Q, STM32U5A5ZJY6QTR, STM32U5A9BJY6QTR, STM32U5A9J-DK, STM32U5A9NJH6Q, STM32U5A9VJT6Q, STM32U5A9ZJT6Q, STM32U5A9ZJY6QTR, STM32WB1MMCH6, STM32WBA52CEU6, STM32WBA52CEU6T, STM32WBA52CGU6, STM32WBA52CGU6T, STM32WL5MOCH6, STM32WL5MOCH6TR]
2023-10-30 08:20:29,131 [INFO] DbMcus:216 - Found 3825 MCUs, 3825 are supported
2023-10-30 08:20:29,132 [INFO] ApiDb:423 - Load user favorites file C:\Users\harpr/.stm32cubeide/favorites.mcus.txt: 0 item(s)
2023-10-30 08:20:29,132 [INFO] ApiDb:427 - User favorites MCUs=[]
2023-10-30 08:20:29,132 [INFO] DbMcus:222 - Set 0 / 0 favorites MCUs
2023-10-30 08:20:29,394 [INFO] ApiDb:448 - Save user favorites file C:\Users\harpr/.stm32cubeide/favorites.boards.txt: 2 item(s)
2023-10-30 08:20:29,394 [INFO] ApiDb:452 - User favorites Boards=[NUCLEO-F446RE, STM32F411E-DISCO]
2023-10-30 08:20:29,396 [INFO] ApiDb:581 - Connected to CubeFinder SQLite database (C:\Users\harpr\.stmcufinder\plugins\mcufinder\mcu\cube-finder-db.db)
2023-10-30 08:20:29,465 [INFO] ApiDb:668 - CubeFinder database Data Model version=2.1
2023-10-30 08:20:29,465 [INFO] ApiDb:669 - CubeFinder database Configuration version=3.0.37
2023-10-30 08:20:29,465 [INFO] ApiDb:670 - CubeFinder database generation date=2023-10-13 (1697197505)
2023-10-30 08:20:29,465 [INFO] ApiDb:671 - CubeFinder database FW Pack versions=[FP-ATR-ASTRA1_V2.0.0, FP-SNS-FLIGHT1_V5.0.1, FP-SNS-FLIGHT1_V5.0.2, FP-SNS-MOTENV1_V4.3.1, FP-SNS-MOTENV1_V4.3.2, FP-SNS-SMARTAG2_V1.2.0, I-CUBE-ITTIADB_V8.6.3-1, STM32Cube_FW_C0_V1.1.0, STM32Cube_FW_F4_V1.27.1, STM32Cube_FW_F7_V1.17.0, STM32Cube_FW_G0_V1.6.1, STM32Cube_FW_G4_V1.5.1, STM32Cube_FW_H5_V0.5.1, STM32Cube_FW_H5_V1.1.1, STM32Cube_FW_H7_V1.11.0, STM32Cube_FW_L0_V1.12.2, STM32Cube_FW_L5_V1.5.0, STM32Cube_FW_U5_V1.3.0, STM32Cube_FW_U5_V1.3.0RC4, STM32Cube_FW_WBA_V1.0.0RC1, STM32Cube_FW_WBA_V1.1.0RC1, STM32Cube_FW_WBA_V1.1.1, STM32Cube_FW_WB_V1.15.0RC1, STM32Cube_FW_WB_V1.16.0, STM32Cube_FW_WB_V1.16.0RC2, STM32Cube_FW_WB_V1.17.3, STM32Cube_FW_WL_V1.3.0, X-CUBE-ALGOBUILD_V1.3.0, X-CUBE-ALS_V1.0.1, X-CUBE-AZRTOS-F4_V1.1.0, X-CUBE-AZRTOS-F7_V1.1.0, X-CUBE-AZRTOS-G0_V1.1.0, X-CUBE-AZRTOS-G4_V2.0.0, X-CUBE-AZRTOS-H7_V3.1.0, X-CUBE-AZRTOS-L4_V1.0.0, X-CUBE-AZRTOS-L4_V2.0.0, X-CUBE-AZRTOS-L5_V1.1.0, X-CUBE-AZRTOS-WB_V2.0.0, X-CUBE-AZRTOS-WL_V2.0.0, X-CUBE-BLE1_V7.0.0, X-CUBE-BLE2_V3.3.0, X-CUBE-BLEMGR_V2.0.0, X-CUBE-EEPRMA1_V4.1.0, X-CUBE-FREERTOS_V1.1.0, X-CUBE-GNSS1_V6.0.0, X-CUBE-MEMS1_V10.0.0, X-CUBE-MEMS1_V9.1.0, X-CUBE-MEMS1_V9.4.0, X-CUBE-MEMS1_V9.6.0, X-CUBE-NFC4_V3.0.0, X-CUBE-NFC7_V1.0.1, X-CUBE-SFXS2LP1_V4.0.0, X-CUBE-SUBG2_V5.0.0, X-CUBE-TOF1_V3.3.1]
2023-10-30 08:20:29,528 [INFO] DbBoardsSqlite:226 - include board P-NUCLEO-WB55-NUCLEO as a kit item of type 'Nucleo-64'
2023-10-30 08:20:29,528 [INFO] DbBoardsSqlite:226 - include board P-NUCLEO-WB55-USBDONGLE as a kit item of type 'Nucleo USB Dongle'
2023-10-30 08:20:29,529 [INFO] DbBoardsSqlite:226 - include board STEVAL-IDP005V1 as a kit item of type 'Evaluation Board'
2023-10-30 08:20:29,529 [INFO] DbBoardsSqlite:226 - include board STEVAL-IDP005V2 as a kit item of type 'Evaluation Board'
2023-10-30 08:20:29,588 [INFO] ApiDb:240 - Found 297 in-development CPN: [B-G473E-ZEST1S, B-WB1M-WPAN1, B-WL5M-SUBG1, NUCLEO-C031C6, NUCLEO-H503RB, NUCLEO-H563ZI, NUCLEO-U545RE-Q, NUCLEO-U5A5ZJ-Q, NUCLEO-WBA52CG, STEVAL-PROTEUS1, STEVAL-STWINBX1, STM320518-EVAL, STM32C0116-DK, STM32C011D6Y3TR, STM32C011D6Y6TR, STM32C011F4P3, STM32C011F4P6, STM32C011F4U3, STM32C011F4U6TR, STM32C011F6P3, STM32C011F6P6, STM32C011F6U3, STM32C011F6U6TR, STM32C011J4M3, STM32C011J4M6, STM32C011J6M3, STM32C011J6M6, STM32C0316-DK, STM32C031C4T3, STM32C031C4T6, STM32C031C4U3, STM32C031C4U6, STM32C031C6T3, STM32C031C6T6, STM32C031C6U3, STM32C031C6U6, STM32C031F4P3, STM32C031F4P6, STM32C031F6P3, STM32C031F6P6, STM32C031G4U3, STM32C031G4U6, STM32C031G6U3, STM32C031G6U6, STM32C031K4T3, STM32C031K4T6, STM32C031K4U3, STM32C031K4U6, STM32C031K6T3, STM32C031K6T6, STM32C031K6U3, STM32C031K6U6, STM32G071K8TXN, STM32G071K8UXN, STM32G081GBU6N, STM32G081KBT6N, STM32G081KBUXN, STM32G0B1CCT6N, STM32G0B1KCT6, STM32G0B1NEY6TR, STM32G0B1RCT6N, STM32G0C1CCT6, STM32G0C1CCT6N, STM32G0C1CCU6N, STM32G0C1CET6N, STM32G0C1CEU6N, STM32G0C1KCT6, STM32G0C1NEY6TR, STM32G0C1RCI6N, STM32G0C1RCT6N, STM32G0C1REI6N, STM32G0C1RET6N, STM32G0C1VCI6, STM32G0C1VEI6, STM32G471CCT6, STM32G471CCU6, STM32G471CET3, STM32G471CET6, STM32G471CEU3, STM32G471CEU6, STM32G471MCT6, STM32G471MET3, STM32G471MET6, STM32G471MEY6TR, STM32G471QCT6, STM32G471QET3, STM32G471RCT6, STM32G471RET3, STM32G471RET6, STM32G471VCH6, STM32G471VCI6, STM32G471VCT6, STM32G471VEH3, STM32G471VEH6, STM32G471VEI3, STM32G471VEI6, STM32G471VET3, STM32G471VET6, STM32G474CCT6, STM32H503CBT6, STM32H503CBU6, STM32H503EBY6TR, STM32H503KBU6, STM32H503RBT6, STM32H562AGI6, STM32H562AII6, STM32H562IGK6, STM32H562IGT6, STM32H562IIK6, STM32H562IIT6, STM32H562RGT6, STM32H562RGV6, STM32H562RIT6, STM32H562RIV6, STM32H562VGT6, STM32H562VIT6, STM32H562ZGT6, STM32H562ZIT6, STM32H563AGI6, STM32H563AII3Q, STM32H563AII6, STM32H563IGK6, STM32H563IGT6, STM32H563IIK3Q, STM32H563IIK6, STM32H563IIT3Q, STM32H563IIT6, STM32H563MIY3QTR, STM32H563RGT6, STM32H563RGV6, STM32H563RIT6, STM32H563RIV6, STM32H563VGT6, STM32H563VIT3Q, STM32H563VIT6, STM32H563ZGT6, STM32H563ZIT3Q, STM32H563ZIT6, STM32H573AII3Q, STM32H573AII6, STM32H573I-DK, STM32H573IIK3Q, STM32H573IIK6, STM32H573IIT3Q, STM32H573IIT6, STM32H573MIY3QTR, STM32H573RIT6, STM32H573RIV6, STM32H573VIT3Q, STM32H573VIT6, STM32H573ZIT3Q, STM32H573ZIT6, STM32L4R5QGI6STR, STM32MP131AAE3, STM32MP131AAF3, STM32MP131AAG3, STM32MP131CAE3, STM32MP131CAF3, STM32MP131CAG3, STM32MP131DAE7, STM32MP131DAF7, STM32MP131DAG7, STM32MP131FAE7, STM32MP131FAF7, STM32MP131FAG7, STM32MP133AAE3, STM32MP133AAF3, STM32MP133AAG3, STM32MP133CAE3, STM32MP133CAF3, STM32MP133CAG3, STM32MP133DAE7, STM32MP133DAF7, STM32MP133DAG7, STM32MP133FAE7, STM32MP133FAF7, STM32MP133FAG7, STM32MP135AAE3, STM32MP135AAF3, STM32MP135AAG3, STM32MP135CAE3, STM32MP135CAF3, STM32MP135CAG3, STM32MP135DAE7, STM32MP135DAF7, STM32MP135DAG7, STM32MP135F-DK, STM32MP135FAE7, STM32MP135FAF7, STM32MP135FAF7T, STM32MP135FAF7U, STM32MP135FAG7, STM32U535CBT6, STM32U535CBT6Q, STM32U535CBU6, STM32U535CBU6Q, STM32U535CCT6, STM32U535CCT6Q, STM32U535CCU6, STM32U535CCU6Q, STM32U535CET6, STM32U535CET6Q, STM32U535CEU6, STM32U535CEU6Q, STM32U535JEY6QTR, STM32U535NCY6QTR, STM32U535NEY6QTR, STM32U535RBI6, STM32U535RBI6Q, STM32U535RBT6, STM32U535RBT6Q, STM32U535RCI6, STM32U535RCI6Q, STM32U535RCT6, STM32U535RCT6Q, STM32U535REI6, STM32U535REI6Q, STM32U535RET6, STM32U535RET6Q, STM32U535VCI6, STM32U535VCI6Q, STM32U535VCT6, STM32U535VCT6Q, STM32U535VEI6, STM32U535VEI6Q, STM32U535VET6, STM32U535VET6Q, STM32U545CET6, STM32U545CET6Q, STM32U545CEU6, STM32U545CEU6Q, STM32U545JEY6QTR, STM32U545NEY6QTR, STM32U545REI6, STM32U545REI6Q, STM32U545RET6, STM32U545RET6Q, STM32U545VEI6, STM32U545VEI6Q, STM32U545VET6, STM32U545VET6Q, STM32U595AIH6, STM32U595AIH6Q, STM32U595AJH6, STM32U595AJH6Q, STM32U595QII6, STM32U595QII6Q, STM32U595QJI6, STM32U595QJI6Q, STM32U595RIT6, STM32U595RIT6Q, STM32U595RJT6, STM32U595RJT6Q, STM32U595VIT6, STM32U595VIT6Q, STM32U595VJT6, STM32U595VJT6Q, STM32U595ZIT6, STM32U595ZIT6Q, STM32U595ZIY6QTR, STM32U595ZJT6, STM32U595ZJT6Q, STM32U595ZJY6QTR, STM32U599BJY6QTR, STM32U599NIH6Q, STM32U599NJH6Q, STM32U599VIT6Q, STM32U599VJT6, STM32U599VJT6Q, STM32U599ZIT6Q, STM32U599ZIY6QTR, STM32U599ZJT6Q, STM32U599ZJY6QTR, STM32U5A5AJH6, STM32U5A5AJH6Q, STM32U5A5QJI6, STM32U5A5QJI6Q, STM32U5A5RJT6, STM32U5A5RJT6Q, STM32U5A5VJT6, STM32U5A5VJT6Q, STM32U5A5ZJT6, STM32U5A5ZJT6Q, STM32U5A5ZJY6QTR, STM32U5A9BJY6QTR, STM32U5A9J-DK, STM32U5A9NJH6Q, STM32U5A9VJT6Q, STM32U5A9ZJT6Q, STM32U5A9ZJY6QTR, STM32WB1MMCH6, STM32WBA52CEU6, STM32WBA52CEU6T, STM32WBA52CGU6, STM32WBA52CGU6T, STM32WL5MOCH6, STM32WL5MOCH6TR]
2023-10-30 08:20:29,756 [INFO] BoardInfo:880 - No configuration file found for board P-NUCLEO-WB55
2023-10-30 08:20:29,756 [INFO] DbBoards:157 - Kit is not supported: P-NUCLEO-WB55
2023-10-30 08:20:29,761 [INFO] BoardInfo:880 - No configuration file found for board STEVAL-BFA001V1B
2023-10-30 08:20:29,761 [INFO] DbBoards:157 - Kit is not supported: STEVAL-BFA001V1B
2023-10-30 08:20:29,763 [INFO] BoardInfo:880 - No configuration file found for board STEVAL-BFA001V2B
2023-10-30 08:20:29,763 [INFO] DbBoards:157 - Kit is not supported: STEVAL-BFA001V2B
2023-10-30 08:20:29,769 [INFO] BoardInfo:880 - No configuration file found for board STEVAL-SMARTAG2
2023-10-30 08:20:29,769 [INFO] DbBoards:157 - Board is not supported: STEVAL-SMARTAG2
2023-10-30 08:20:29,888 [INFO] DbBoards:161 - Found 188 boards, 184 are supported
2023-10-30 08:20:29,891 [INFO] ApiDb:423 - Load user favorites file C:\Users\harpr/.stm32cubeide/favorites.boards.txt: 2 item(s)
2023-10-30 08:20:29,891 [INFO] ApiDb:427 - User favorites Boards=[NUCLEO-F446RE, STM32F411E-DISCO]
2023-10-30 08:20:29,892 [INFO] DbBoards:190 - Set 2 / 2 favorites Boards
2023-10-30 08:20:29,915 [INFO] LoadUrlFilesThread:185 - End of LoadServerUrlFiles without Thread
2023-10-30 08:20:29,916 [INFO] TargetSelectorAdapter:259 - Refresh data is successful
2023-10-30 08:20:29,921 [INFO] ApiDb:668 - CubeFinder database Data Model version=2.1
2023-10-30 08:20:29,921 [INFO] ApiDb:669 - CubeFinder database Configuration version=3.0.37
2023-10-30 08:20:29,921 [INFO] ApiDb:670 - CubeFinder database generation date=2023-10-13 (1697197505)
2023-10-30 08:20:29,921 [INFO] ApiDb:671 - CubeFinder database FW Pack versions=[FP-ATR-ASTRA1_V2.0.0, FP-SNS-FLIGHT1_V5.0.1, FP-SNS-FLIGHT1_V5.0.2, FP-SNS-MOTENV1_V4.3.1, FP-SNS-MOTENV1_V4.3.2, FP-SNS-SMARTAG2_V1.2.0, I-CUBE-ITTIADB_V8.6.3-1, STM32Cube_FW_C0_V1.1.0, STM32Cube_FW_F4_V1.27.1, STM32Cube_FW_F7_V1.17.0, STM32Cube_FW_G0_V1.6.1, STM32Cube_FW_G4_V1.5.1, STM32Cube_FW_H5_V0.5.1, STM32Cube_FW_H5_V1.1.1, STM32Cube_FW_H7_V1.11.0, STM32Cube_FW_L0_V1.12.2, STM32Cube_FW_L5_V1.5.0, STM32Cube_FW_U5_V1.3.0, STM32Cube_FW_U5_V1.3.0RC4, STM32Cube_FW_WBA_V1.0.0RC1, STM32Cube_FW_WBA_V1.1.0RC1, STM32Cube_FW_WBA_V1.1.1, STM32Cube_FW_WB_V1.15.0RC1, STM32Cube_FW_WB_V1.16.0, STM32Cube_FW_WB_V1.16.0RC2, STM32Cube_FW_WB_V1.17.3, STM32Cube_FW_WL_V1.3.0, X-CUBE-ALGOBUILD_V1.3.0, X-CUBE-ALS_V1.0.1, X-CUBE-AZRTOS-F4_V1.1.0, X-CUBE-AZRTOS-F7_V1.1.0, X-CUBE-AZRTOS-G0_V1.1.0, X-CUBE-AZRTOS-G4_V2.0.0, X-CUBE-AZRTOS-H7_V3.1.0, X-CUBE-AZRTOS-L4_V1.0.0, X-CUBE-AZRTOS-L4_V2.0.0, X-CUBE-AZRTOS-L5_V1.1.0, X-CUBE-AZRTOS-WB_V2.0.0, X-CUBE-AZRTOS-WL_V2.0.0, X-CUBE-BLE1_V7.0.0, X-CUBE-BLE2_V3.3.0, X-CUBE-BLEMGR_V2.0.0, X-CUBE-EEPRMA1_V4.1.0, X-CUBE-FREERTOS_V1.1.0, X-CUBE-GNSS1_V6.0.0, X-CUBE-MEMS1_V10.0.0, X-CUBE-MEMS1_V9.1.0, X-CUBE-MEMS1_V9.4.0, X-CUBE-MEMS1_V9.6.0, X-CUBE-NFC4_V3.0.0, X-CUBE-NFC7_V1.0.1, X-CUBE-SFXS2LP1_V4.0.0, X-CUBE-SUBG2_V5.0.0, X-CUBE-TOF1_V3.3.1]
2023-10-30 08:20:31,196 [ERROR] DbExamplesSqlite:418 - Missing JSON key: board_cpn
2023-10-30 08:20:31,197 [ERROR] DbExamplesSqlite:418 - Missing JSON key: board_cpn
2023-10-30 08:20:31,197 [ERROR] DbExamplesSqlite:418 - Missing JSON key: board_cpn
2023-10-30 08:20:31,197 [ERROR] DbExamplesSqlite:418 - Missing JSON key: board_cpn
2023-10-30 08:20:31,210 [INFO] DbExamplesSqlite:376 - Ignored 27 examples not supported by CubeIDE
2023-10-30 08:20:31,211 [INFO] DbExamplesSqlite:377 - Found 7221 examples active
2023-10-30 08:20:31,211 [INFO] DbExamplesSqlite:378 - Found 777 examples obsolete
2023-10-30 08:20:31,211 [INFO] DbExamplesSqlite:379 - Found 0 examples under development
2023-10-30 08:20:31,212 [INFO] DbExamplesSqlite:380 - Found 74 examples not building
2023-10-30 08:20:31,214 [INFO] DbExamples:125 - Found 7268 examples
2023-10-30 08:20:31,256 [ERROR] DbExamples:208 - Found 22 examples with invalid data (board or MCU)
2023-10-30 08:20:31,257 [INFO] DbExamples:222 - Found 92 boards with related examples
2023-10-30 08:20:31,259 [INFO] DbExamples:235 - Found 78 MCUs with related examples
2023-10-30 08:20:31,291 [INFO] ApiDb:414 - User favorites file not found: C:\Users\harpr/.stm32cubeide/favorites.examples.txt
2023-10-30 08:20:31,294 [INFO] DbExamples:250 - Set 0 / 0 favorites Examples
2023-10-30 08:20:31,366 [INFO] McuFinderGlobals:66 - Set McuFinderConnectedMode to true
2023-10-30 08:20:31,372 [INFO] MultiScanPanel:200 - Auto-refresh data requested => check proxy status ongoing
2023-10-30 08:20:31,373 [INFO] FinderPluginLoader:95 - Searching for filters in installed packs
2023-10-30 08:20:32,941 [INFO] LoadUrlFilesThread:185 - End of LoadServerUrlFiles without Thread
2023-10-30 08:20:32,942 [INFO] DetailPanel:341 - Set advertising image to C:/Users/harpr/STM32Cube/Repository/\en.prom-stm32h5-mcu-finder.jpg
2023-10-30 08:20:43,830 [INFO] MultiScanPanel:200 - Auto-refresh data requested => check proxy status ongoing
2023-10-30 08:20:43,938 [INFO] LoadUrlFilesThread:185 - End of LoadServerUrlFiles without Thread
2023-10-30 08:20:43,938 [INFO] DetailPanel:341 - Set advertising image to C:/Users/harpr/STM32Cube/Repository/\en.prom-stm32h5-mcu-finder.jpg
2023-10-30 08:20:50,653 [INFO] BoardResultTable:719 - Unmark Board NUCLEO-F446RE as favorite
2023-10-30 08:21:07,742 [INFO] McuFinderGlobals:66 - Set McuFinderConnectedMode to true
2023-10-30 08:21:07,744 [INFO] ApiDb:448 - Save user favorites file C:\Users\harpr/.stm32cubeide/favorites.mcus.txt: 0 item(s)
2023-10-30 08:21:07,747 [INFO] ApiDb:452 - User favorites MCUs=[]
2023-10-30 08:21:07,799 [INFO] ApiDb:448 - Save user favorites file C:\Users\harpr/.stm32cubeide/favorites.boards.txt: 1 item(s)
2023-10-30 08:21:07,799 [INFO] ApiDb:452 - User favorites Boards=[STM32F411E-DISCO]
2023-10-30 08:24:36,415 [INFO] LogOutputStream:77 - [STDOUT_REDIRECT] StartTraceHandler.execute(), success : Collect=true
