2024-03-19 10:28:09,122 [INFO] Activator:179 - 


2024-03-19 10:28:09,123 [INFO] Activator:180 - !SESSION log4j initialized
2024-03-19 10:28:15,972 [INFO] McuFinderGlobals:52 - Set McuFinder mode to 2 (CubeIDE integrated)
2024-03-19 10:28:17,084 [INFO] ApplicationProperties:181 - Using Application install path: C:\ST\STM32CubeIDE_1.11.2\STM32CubeIDE\plugins\com.st.stm32cube.common.mx_6.7.0.202301130839
2024-03-19 10:28:17,101 [INFO] DbMcusXml:77 - Set database path to: C:\ST\STM32CubeIDE_1.11.2\STM32CubeIDE\plugins\com.st.stm32cube.common.mx_6.7.0.202301130839\\db\/mcu/
2024-03-19 10:28:17,102 [INFO] ApiDb:273 - Set plugin database path to: C:\ST\STM32CubeIDE_1.11.2\STM32CubeIDE\plugins\com.st.stm32cube.common.mx_6.7.0.202301130839\\db\/plugins/boardmanager/
2024-03-19 10:28:17,105 [WARN] ApiDb:258 - Overriding images path with different value:  => C:\ST\STM32CubeIDE_1.11.2\STM32CubeIDE\plugins\com.st.stm32cube.common.mx_6.7.0.202301130839\\db\/plugins/mcufinder/images/
2024-03-19 10:28:17,127 [INFO] ApiDb:249 - Set database path to: C:\Users\harpr\.stmcufinder\plugins\mcufinder//mcu/
2024-03-19 10:28:17,128 [INFO] DbMcusAds:124 - Set database path to: C:\Users\harpr\.stmcufinder\plugins\mcufinder//mcu/
2024-03-19 10:28:17,131 [INFO] CrossReferenceDbSqlite:202 - Set database path to: C:\Users\harpr\.stmcufinder\plugins\mcufinder//mcu/cs/
2024-03-19 10:28:17,234 [INFO] RulesReader:61 - Compatibility file has been processed (283 Rules)
2024-03-19 10:28:17,326 [INFO] DbMcusXml:77 - Set database path to: C:\ST\STM32CubeIDE_1.11.2\STM32CubeIDE\plugins\com.st.stm32cube.common.mx_6.7.0.202301130839\\db\/mcu/
2024-03-19 10:28:17,327 [INFO] ApiDb:273 - Set plugin database path to: C:\ST\STM32CubeIDE_1.11.2\STM32CubeIDE\plugins\com.st.stm32cube.common.mx_6.7.0.202301130839\\db\/plugins/boardmanager/
2024-03-19 10:28:17,327 [INFO] ApiDb:260 - Set plugin images path to: C:\ST\STM32CubeIDE_1.11.2\STM32CubeIDE\plugins\com.st.stm32cube.common.mx_6.7.0.202301130839\\db\/plugins/mcufinder/images/
2024-03-19 10:28:17,327 [WARN] DbFile:40 - Overriding database path with different value: C:\Users\harpr\.stmcufinder\plugins\mcufinder/ => C:\Users\harpr\.stmcufinder\plugins\mcufinder
2024-03-19 10:28:17,327 [INFO] ApiDb:249 - Set database path to: C:\Users\harpr\.stmcufinder\plugins\mcufinder//mcu/
2024-03-19 10:28:17,328 [WARN] DbFile:40 - Overriding database path with different value: C:\Users\harpr\.stmcufinder\plugins\mcufinder/ => C:\Users\harpr\.stmcufinder\plugins\mcufinder
2024-03-19 10:28:17,328 [INFO] DbMcusAds:124 - Set database path to: C:\Users\harpr\.stmcufinder\plugins\mcufinder//mcu/
2024-03-19 10:28:17,329 [WARN] DbFile:40 - Overriding database path with different value: C:\Users\harpr\.stmcufinder\plugins\mcufinder/ => C:\Users\harpr\.stmcufinder\plugins\mcufinder
2024-03-19 10:28:17,329 [WARN] DbFile:40 - Overriding database path with different value: C:\Users\harpr\.stmcufinder\plugins\mcufinder/ => C:\Users\harpr\.stmcufinder\plugins\mcufinder
2024-03-19 10:28:17,329 [INFO] CrossReferenceDbSqlite:202 - Set database path to: C:\Users\harpr\.stmcufinder\plugins\mcufinder//mcu/cs/
2024-03-19 10:28:17,406 [INFO] MainPanel:252 - HeapMemory: 268435456
2024-03-19 10:28:17,490 [INFO] DbMcusXml:77 - Set database path to: C:\ST\STM32CubeIDE_1.11.2\STM32CubeIDE\plugins\com.st.stm32cube.common.mx_6.7.0.202301130839\\db\/mcu/
2024-03-19 10:28:17,490 [INFO] ApiDb:273 - Set plugin database path to: C:\ST\STM32CubeIDE_1.11.2\STM32CubeIDE\plugins\com.st.stm32cube.common.mx_6.7.0.202301130839\\db\/plugins/boardmanager/
2024-03-19 10:28:17,490 [INFO] ApiDb:260 - Set plugin images path to: C:\ST\STM32CubeIDE_1.11.2\STM32CubeIDE\plugins\com.st.stm32cube.common.mx_6.7.0.202301130839\\db\/plugins/mcufinder/images/
2024-03-19 10:28:17,491 [WARN] DbFile:40 - Overriding database path with different value: C:\Users\harpr\.stmcufinder\plugins\mcufinder/ => C:\Users\harpr\.stmcufinder\plugins\mcufinder
2024-03-19 10:28:17,491 [INFO] ApiDb:249 - Set database path to: C:\Users\harpr\.stmcufinder\plugins\mcufinder//mcu/
2024-03-19 10:28:17,491 [WARN] DbFile:40 - Overriding database path with different value: C:\Users\harpr\.stmcufinder\plugins\mcufinder/ => C:\Users\harpr\.stmcufinder\plugins\mcufinder
2024-03-19 10:28:17,491 [INFO] DbMcusAds:124 - Set database path to: C:\Users\harpr\.stmcufinder\plugins\mcufinder//mcu/
2024-03-19 10:28:17,491 [WARN] DbFile:40 - Overriding database path with different value: C:\Users\harpr\.stmcufinder\plugins\mcufinder/ => C:\Users\harpr\.stmcufinder\plugins\mcufinder
2024-03-19 10:28:17,491 [WARN] DbFile:40 - Overriding database path with different value: C:\Users\harpr\.stmcufinder\plugins\mcufinder/ => C:\Users\harpr\.stmcufinder\plugins\mcufinder
2024-03-19 10:28:17,491 [INFO] CrossReferenceDbSqlite:202 - Set database path to: C:\Users\harpr\.stmcufinder\plugins\mcufinder//mcu/cs/
2024-03-19 10:28:17,509 [INFO] ApplicationProperties:181 - Using Application install path: C:\ST\STM32CubeIDE_1.11.2\STM32CubeIDE\plugins\com.st.stm32cube.common.mx_6.7.0.202301130839
2024-03-19 10:28:17,511 [INFO] PluginManage:193 - Search for loadable plugins [exclusion list=, ]
2024-03-19 10:28:17,511 [INFO] PluginManage:307 - Check plugin analytics
2024-03-19 10:28:18,035 [ERROR] ConfigurationRetriever:140 - IOException on connection: citools.st.com
2024-03-19 10:28:18,038 [ERROR] ConfigurationRetriever:140 - IOException on connection: citools.st.com
2024-03-19 10:28:18,039 [ERROR] ConfigurationRetriever:140 - IOException on connection: citools.st.com
2024-03-19 10:28:22,652 [INFO] AnalyticsPlugin:262 - Accepted Software Licenses: STM32CubeMX.6.6.1
2024-03-19 10:28:22,653 [INFO] AnalyticsPlugin:264 - Accepted CMSIS Pack Licenses: 
2024-03-19 10:28:22,653 [INFO] AnalyticsPlugin:266 - Accepted Firmware Licenses: FW.F4.1.27.0
2024-03-19 10:28:22,661 [INFO] PluginManage:356 - Loaded plugin analytics (category:tool,tabindex:-1)
2024-03-19 10:28:22,661 [INFO] PluginManage:307 - Check plugin cadmodel
2024-03-19 10:28:22,676 [INFO] CADModel:104 - Init CAD model plugin
2024-03-19 10:28:22,676 [INFO] PluginManage:356 - Loaded plugin cadmodel (category:power,tabindex:5)
2024-03-19 10:28:22,677 [INFO] PluginManage:307 - Check plugin clock
2024-03-19 10:28:22,695 [INFO] PluginManage:356 - Loaded plugin clock (category:base,tabindex:2)
2024-03-19 10:28:22,695 [INFO] PluginManage:307 - Check plugin ddr
2024-03-19 10:28:22,697 [INFO] PluginManage:356 - Loaded plugin ddr (category:tool,tabindex:6)
2024-03-19 10:28:22,698 [INFO] PluginManage:307 - Check plugin filemanager
2024-03-19 10:28:22,853 [INFO] PluginManage:356 - Loaded plugin filemanager (category:base,tabindex:10)
2024-03-19 10:28:22,853 [INFO] PluginManage:307 - Check plugin ipmanager
2024-03-19 10:28:22,862 [INFO] PluginManage:356 - Loaded plugin ipmanager (category:base,tabindex:5)
2024-03-19 10:28:22,862 [INFO] PluginManage:307 - Check plugin lpbam
2024-03-19 10:28:22,880 [INFO] PluginManage:356 - Loaded plugin lpbam (category:base,tabindex:0)
2024-03-19 10:28:22,880 [INFO] PluginManage:307 - Check plugin pinoutandconfiguration
2024-03-19 10:28:22,895 [INFO] PluginManage:356 - Loaded plugin pinoutandconfiguration (category:base,tabindex:1)
2024-03-19 10:28:22,896 [INFO] PluginManage:307 - Check plugin pinoutconfig
2024-03-19 10:28:22,932 [INFO] PluginManage:356 - Loaded plugin pinoutconfig (category:base,tabindex:0)
2024-03-19 10:28:22,933 [INFO] PluginManage:307 - Check plugin power
2024-03-19 10:28:22,950 [INFO] PluginManage:356 - Loaded plugin power (category:power,tabindex:4)
2024-03-19 10:28:22,950 [INFO] PluginManage:307 - Check plugin projectmanager
2024-03-19 10:28:22,964 [INFO] PluginManage:356 - Loaded plugin projectmanager (category:projectmanager,tabindex:3)
2024-03-19 10:28:22,964 [INFO] PluginManage:307 - Check plugin thirdparty
2024-03-19 10:28:23,195 [WARN] IntegrityCheckThread:82 - waiting for thirdparty lock release [integrity check]
2024-03-19 10:28:23,195 [INFO] PluginManage:356 - Loaded plugin thirdparty (category:base,tabindex:-1)
2024-03-19 10:28:23,196 [INFO] IntegrityCheckThread:84 - entering critical section [integrity check]
2024-03-19 10:28:23,196 [INFO] PluginManage:307 - Check plugin tools
2024-03-19 10:28:23,198 [INFO] ThirdPartyUpdaterWithRetryManager:70 - Updater plugin not ready yet. [1/15]
2024-03-19 10:28:23,222 [INFO] PluginManage:356 - Loaded plugin tools (category:base,tabindex:7)
2024-03-19 10:28:23,222 [INFO] PluginManage:307 - Check plugin tutovideos
2024-03-19 10:28:23,448 [INFO] PluginManage:356 - Loaded plugin tutovideos (category:base,tabindex:-1)
2024-03-19 10:28:23,448 [INFO] PluginManage:307 - Check plugin updater
2024-03-19 10:28:23,464 [INFO] PluginManage:356 - Loaded plugin updater (category:base,tabindex:12)
2024-03-19 10:28:23,465 [INFO] PluginManage:280 - PluginManage : Loaded plugins [15]
2024-03-19 10:28:23,754 [INFO] PinOutPanel:1477 - setPackage(No Configuration,No Configuration)
2024-03-19 10:28:23,990 [INFO] CADModel:164 - CPN selected for project level
2024-03-19 10:28:23,990 [INFO] CADModel:113 - Register for checkConnection events
2024-03-19 10:28:24,032 [INFO] IPUIPlugin:79 - create IPUIPlugin
2024-03-19 10:28:24,032 [INFO] PluginManager:219 - loadIPPluginJar : add adc
2024-03-19 10:28:24,066 [INFO] IPUIPlugin:79 - create IPUIPlugin
2024-03-19 10:28:24,066 [INFO] PluginManager:219 - loadIPPluginJar : add aes
2024-03-19 10:28:24,108 [INFO] IPUIPlugin:79 - create IPUIPlugin
2024-03-19 10:28:24,108 [INFO] PluginManager:219 - loadIPPluginJar : add can
2024-03-19 10:28:24,131 [INFO] IPUIPlugin:79 - create IPUIPlugin
2024-03-19 10:28:24,132 [INFO] PluginManager:219 - loadIPPluginJar : add comp
2024-03-19 10:28:24,165 [INFO] IPUIPlugin:79 - create IPUIPlugin
2024-03-19 10:28:24,166 [INFO] PluginManager:219 - loadIPPluginJar : add cryp
2024-03-19 10:28:24,195 [INFO] IPUIPlugin:79 - create IPUIPlugin
2024-03-19 10:28:24,195 [INFO] PluginManager:219 - loadIPPluginJar : add dfsdm
2024-03-19 10:28:24,208 [INFO] IPUIPlugin:79 - create IPUIPlugin
2024-03-19 10:28:24,209 [INFO] PluginManager:219 - loadIPPluginJar : add dma
2024-03-19 10:28:24,247 [INFO] IPUIPlugin:79 - create IPUIPlugin
2024-03-19 10:28:24,247 [INFO] PluginManager:219 - loadIPPluginJar : add dma3
2024-03-19 10:28:24,266 [INFO] IPUIPlugin:79 - create IPUIPlugin
2024-03-19 10:28:24,266 [INFO] PluginManager:219 - loadIPPluginJar : add fatfs
2024-03-19 10:28:24,309 [INFO] IPUIPlugin:79 - create IPUIPlugin
2024-03-19 10:28:24,309 [INFO] PluginManager:219 - loadIPPluginJar : add fmc
2024-03-19 10:28:24,323 [INFO] IPUIPlugin:79 - create IPUIPlugin
2024-03-19 10:28:24,323 [INFO] PluginManager:219 - loadIPPluginJar : add freertos
2024-03-19 10:28:24,341 [INFO] IPUIPlugin:79 - create IPUIPlugin
2024-03-19 10:28:24,342 [INFO] PluginManager:219 - loadIPPluginJar : add genericplugin
2024-03-19 10:28:24,422 [INFO] IPUIPlugin:79 - create IPUIPlugin
2024-03-19 10:28:24,423 [INFO] PluginManager:219 - loadIPPluginJar : add gfxmmu
2024-03-19 10:28:24,538 [INFO] IPUIPlugin:79 - create IPUIPlugin
2024-03-19 10:28:24,538 [INFO] PluginManager:219 - loadIPPluginJar : add gic
2024-03-19 10:28:24,551 [INFO] IPUIPlugin:79 - create IPUIPlugin
2024-03-19 10:28:24,552 [INFO] PluginManager:219 - loadIPPluginJar : add gpio
2024-03-19 10:28:24,623 [INFO] IPUIPlugin:79 - create IPUIPlugin
2024-03-19 10:28:24,623 [INFO] PluginManager:219 - loadIPPluginJar : add gtzc
2024-03-19 10:28:24,650 [INFO] IPUIPlugin:79 - create IPUIPlugin
2024-03-19 10:28:24,650 [INFO] PluginManager:219 - loadIPPluginJar : add hash
2024-03-19 10:28:24,694 [INFO] IPUIPlugin:79 - create IPUIPlugin
2024-03-19 10:28:24,694 [INFO] PluginManager:219 - loadIPPluginJar : add i2c
2024-03-19 10:28:24,728 [INFO] IPUIPlugin:79 - create IPUIPlugin
2024-03-19 10:28:24,728 [INFO] PluginManager:219 - loadIPPluginJar : add i2s
2024-03-19 10:28:24,819 [INFO] IPUIPlugin:79 - create IPUIPlugin
2024-03-19 10:28:24,819 [INFO] PluginManager:219 - loadIPPluginJar : add ipddr
2024-03-19 10:28:24,897 [INFO] IPUIPlugin:79 - create IPUIPlugin
2024-03-19 10:28:24,897 [INFO] PluginManager:219 - loadIPPluginJar : add linkedlist
2024-03-19 10:28:24,925 [INFO] IPUIPlugin:79 - create IPUIPlugin
2024-03-19 10:28:24,926 [INFO] PluginManager:219 - loadIPPluginJar : add lorawan
2024-03-19 10:28:24,956 [INFO] IPUIPlugin:79 - create IPUIPlugin
2024-03-19 10:28:24,957 [INFO] PluginManager:219 - loadIPPluginJar : add ltdc
2024-03-19 10:28:24,972 [INFO] IPUIPlugin:79 - create IPUIPlugin
2024-03-19 10:28:24,972 [INFO] PluginManager:219 - loadIPPluginJar : add mdma
2024-03-19 10:28:24,984 [INFO] IPUIPlugin:79 - create IPUIPlugin
2024-03-19 10:28:24,984 [INFO] PluginManager:219 - loadIPPluginJar : add nvic
2024-03-19 10:28:25,014 [INFO] IPUIPlugin:79 - create IPUIPlugin
2024-03-19 10:28:25,015 [INFO] PluginManager:219 - loadIPPluginJar : add opamp
2024-03-19 10:28:25,064 [INFO] IPUIPlugin:79 - create IPUIPlugin
2024-03-19 10:28:25,064 [INFO] PluginManager:219 - loadIPPluginJar : add openamp
2024-03-19 10:28:25,099 [INFO] IPUIPlugin:79 - create IPUIPlugin
2024-03-19 10:28:25,100 [INFO] PluginManager:219 - loadIPPluginJar : add pdm2pcm
2024-03-19 10:28:25,114 [INFO] IPUIPlugin:79 - create IPUIPlugin
2024-03-19 10:28:25,115 [INFO] PluginManager:219 - loadIPPluginJar : add plateformsettings
2024-03-19 10:28:25,134 [INFO] IPUIPlugin:79 - create IPUIPlugin
2024-03-19 10:28:25,135 [INFO] PluginManager:219 - loadIPPluginJar : add quadspi
2024-03-19 10:28:25,146 [INFO] IPUIPlugin:79 - create IPUIPlugin
2024-03-19 10:28:25,146 [INFO] PluginManager:219 - loadIPPluginJar : add resmgrutility
2024-03-19 10:28:25,186 [INFO] IPUIPlugin:79 - create IPUIPlugin
2024-03-19 10:28:25,186 [INFO] PluginManager:219 - loadIPPluginJar : add sai
2024-03-19 10:28:25,217 [INFO] IPUIPlugin:79 - create IPUIPlugin
2024-03-19 10:28:25,217 [INFO] PluginManager:219 - loadIPPluginJar : add spi
2024-03-19 10:28:25,262 [INFO] IPUIPlugin:79 - create IPUIPlugin
2024-03-19 10:28:25,262 [INFO] PluginManager:219 - loadIPPluginJar : add stm32_wpan
2024-03-19 10:28:25,282 [INFO] IPUIPlugin:79 - create IPUIPlugin
2024-03-19 10:28:25,282 [INFO] PluginManager:219 - loadIPPluginJar : add tim
2024-03-19 10:28:25,329 [INFO] IPUIPlugin:79 - create IPUIPlugin
2024-03-19 10:28:25,330 [INFO] PluginManager:219 - loadIPPluginJar : add touchsensing
2024-03-19 10:28:25,349 [INFO] IPUIPlugin:79 - create IPUIPlugin
2024-03-19 10:28:25,349 [INFO] PluginManager:219 - loadIPPluginJar : add tracer_emb
2024-03-19 10:28:25,368 [INFO] IPUIPlugin:79 - create IPUIPlugin
2024-03-19 10:28:25,369 [INFO] PluginManager:219 - loadIPPluginJar : add ts
2024-03-19 10:28:25,387 [INFO] IPUIPlugin:79 - create IPUIPlugin
2024-03-19 10:28:25,387 [INFO] PluginManager:219 - loadIPPluginJar : add tsc
2024-03-19 10:28:25,405 [INFO] IPUIPlugin:79 - create IPUIPlugin
2024-03-19 10:28:25,405 [INFO] PluginManager:219 - loadIPPluginJar : add ucpd
2024-03-19 10:28:25,442 [INFO] IPUIPlugin:79 - create IPUIPlugin
2024-03-19 10:28:25,442 [INFO] PluginManager:219 - loadIPPluginJar : add usart
2024-03-19 10:28:25,478 [INFO] IPUIPlugin:79 - create IPUIPlugin
2024-03-19 10:28:25,479 [INFO] PluginManager:219 - loadIPPluginJar : add usbx
2024-03-19 10:28:25,610 [INFO] CADModel:164 - CPN selected for project level
2024-03-19 10:28:25,610 [INFO] CADModel:113 - Register for checkConnection events
2024-03-19 10:28:25,611 [FATAL] Updater:308 - Updater called before beeing initialized
2024-03-19 10:28:25,611 [ERROR] CADModel:124 - Updater not yet initialized, retry later 
2024-03-19 10:28:25,811 [INFO] CADModel:164 - CPN selected for project level
2024-03-19 10:28:25,812 [INFO] CADModel:113 - Register for checkConnection events
2024-03-19 10:28:25,812 [FATAL] Updater:308 - Updater called before beeing initialized
2024-03-19 10:28:25,813 [ERROR] CADModel:124 - Updater not yet initialized, retry later 
2024-03-19 10:28:25,818 [FATAL] Updater:308 - Updater called before beeing initialized
2024-03-19 10:28:26,081 [FATAL] Updater:308 - Updater called before beeing initialized
2024-03-19 10:28:26,094 [INFO] DbMcusAds:52 - JSON generation date=Wed Nov 29 16:22:27 IST 2023 (1701255147349)
2024-03-19 10:28:26,094 [FATAL] Updater:308 - Updater called before beeing initialized
2024-03-19 10:28:26,134 [WARN] DetailPanel:344 - Failed to get advertising image, set to default
2024-03-19 10:28:26,206 [INFO] ThirdPartyUpdaterWithRetryManager:70 - Updater plugin not ready yet. [2/15]
2024-03-19 10:28:26,247 [FATAL] Updater:308 - Updater called before beeing initialized
2024-03-19 10:28:26,249 [FATAL] Updater:308 - Updater called before beeing initialized
2024-03-19 10:28:26,249 [FATAL] Updater:308 - Updater called before beeing initialized
2024-03-19 10:28:26,249 [WARN] DetailPanel:344 - Failed to get advertising image, set to default
2024-03-19 10:28:26,250 [FATAL] Updater:308 - Updater called before beeing initialized
2024-03-19 10:28:26,303 [ERROR] Updater:1120 - MainUpdater not yet initialized. External WinMGr cannot be set.
2024-03-19 10:28:26,312 [INFO] Updater:1056 - Updater Version found : 6.7.0
2024-03-19 10:28:26,327 [INFO] ApplicationProperties:181 - Using Application install path: C:\ST\STM32CubeIDE_1.11.2\STM32CubeIDE\plugins\com.st.stm32cube.common.mx_6.7.0.202301130839
2024-03-19 10:28:26,548 [INFO] MainUpdater:2800 - connection check result : 10
2024-03-19 10:28:26,549 [INFO] MainUpdater:3494 - Updater definition file requires update
2024-03-19 10:28:26,550 [INFO] MainUpdater:282 - Updater Check For Update Now.
2024-03-19 10:28:26,551 [INFO] MicroXplorer:481 - Change Database Version : DB.6.0.70
2024-03-19 10:28:26,587 [INFO] ServerAccessManage:474 - Download File updaters.zip
2024-03-19 10:28:26,669 [INFO] FileExtend:239 - Unzip File : updaters.zip
2024-03-19 10:28:26,670 [INFO] FileExtend:254 - Standard Zip Deflate
2024-03-19 10:28:28,161 [INFO] ServerAccessManage:474 - Download File PacksControlFlags.xml
2024-03-19 10:28:29,017 [INFO] ServerAccessManage:474 - Download File cubemx.pidx
2024-03-19 10:28:29,122 [INFO] LoadServerUpdatesThread:367 - End of LoadServerUpdate Thread
2024-03-19 10:28:29,212 [WARN] MainUpdater:1186 - Updater busy. Cannot search thirdparties
2024-03-19 10:28:29,212 [INFO] ThirdPartyUpdaterWithRetryManager:96 - Updater plugin is busy. [1/15]
2024-03-19 10:28:29,312 [INFO] CheckServerUpdateThread:119 - End of CheckServer Thread
2024-03-19 10:28:29,450 [INFO] MainUpdater:2800 - connection check result : 10
2024-03-19 10:28:29,471 [INFO] McuFinderGlobals:65 - Set McuFinderConnectedMode to true
2024-03-19 10:28:29,796 [INFO] ServerAccessManage:474 - Download File mcusAds.json._tmp_
2024-03-19 10:28:29,921 [INFO] LoadUrlFilesThread:150 - End of LoadUrlFiles Thread
2024-03-19 10:28:29,984 [INFO] ServerAccessManage:474 - Download File cube-finder-db.zip
2024-03-19 10:28:32,219 [WARN] MainUpdater:1186 - Updater busy. Cannot search thirdparties
2024-03-19 10:28:32,221 [INFO] ThirdPartyUpdaterWithRetryManager:96 - Updater plugin is busy. [2/15]
2024-03-19 10:28:35,233 [WARN] MainUpdater:1186 - Updater busy. Cannot search thirdparties
2024-03-19 10:28:35,234 [INFO] ThirdPartyUpdaterWithRetryManager:96 - Updater plugin is busy. [3/15]
2024-03-19 10:28:35,293 [INFO] FileExtend:239 - Unzip File : cube-finder-db.zip
2024-03-19 10:28:35,294 [INFO] FileExtend:254 - Standard Zip Deflate
2024-03-19 10:28:36,633 [INFO] LoadUrlFilesThread:150 - End of LoadUrlFiles Thread
2024-03-19 10:28:37,961 [INFO] ServerAccessManage:474 - Download File crdb.zip
2024-03-19 10:28:38,248 [WARN] MainUpdater:1186 - Updater busy. Cannot search thirdparties
2024-03-19 10:28:38,248 [INFO] ThirdPartyUpdaterWithRetryManager:96 - Updater plugin is busy. [4/15]
2024-03-19 10:28:38,736 [ERROR] LogOutputStream:74 - [STDERR_REDIRECT] SLF4J: Failed to load class "org.slf4j.impl.StaticLoggerBinder".
2024-03-19 10:28:38,737 [ERROR] LogOutputStream:74 - [STDERR_REDIRECT] SLF4J: Defaulting to no-operation (NOP) logger implementation
2024-03-19 10:28:38,739 [ERROR] LogOutputStream:74 - [STDERR_REDIRECT] SLF4J: See http://www.slf4j.org/codes.html#StaticLoggerBinder for further details.
2024-03-19 10:28:41,262 [WARN] MainUpdater:1186 - Updater busy. Cannot search thirdparties
2024-03-19 10:28:41,262 [INFO] ThirdPartyUpdaterWithRetryManager:96 - Updater plugin is busy. [5/15]
2024-03-19 10:28:43,641 [INFO] FileExtend:239 - Unzip File : crdb.zip
2024-03-19 10:28:43,642 [INFO] FileExtend:254 - Standard Zip Deflate
2024-03-19 10:28:43,773 [INFO] LoadUrlFilesThread:150 - End of LoadUrlFiles Thread
2024-03-19 10:28:43,847 [INFO] ServerAccessManage:474 - Download File tutoVideoDB.zip
2024-03-19 10:28:43,879 [INFO] FileExtend:239 - Unzip File : tutoVideoDB.zip
2024-03-19 10:28:43,879 [INFO] FileExtend:254 - Standard Zip Deflate
2024-03-19 10:28:44,007 [INFO] LoadUrlFilesThread:150 - End of LoadUrlFiles Thread
2024-03-19 10:28:44,013 [INFO] JxBrowserEngine:114 - Initiate JxBrowser Engine with user profile folder
2024-03-19 10:28:44,522 [WARN] PackLoader:242 - Cannot read IP mode file for STMicroelectronics.X-CUBE-SMBUS.2.1.0
2024-03-19 10:28:44,543 [WARN] PackLoader:242 - Cannot read IP mode file for STMicroelectronics.X-CUBE-TOUCHGFX.4.23.0
2024-03-19 10:28:44,588 [WARN] PackLoader:242 - Cannot read IP mode file for STMicroelectronics.X-CUBE-AZRTOS-F7.1.1.0
2024-03-19 10:28:44,611 [WARN] PackLoader:242 - Cannot read IP mode file for STMicroelectronics.FP-SNS-MOTENV1.4.3.2
2024-03-19 10:28:44,643 [WARN] PackLoader:242 - Cannot read IP mode file for STMicroelectronics.FP-SNS-FLIGHT1.5.0.2
2024-03-19 10:28:44,683 [WARN] PackLoader:242 - Cannot read IP mode file for STMicroelectronics.X-CUBE-DISPLAY.3.0.0
2024-03-19 10:28:44,734 [WARN] PackLoader:242 - Cannot read IP mode file for STMicroelectronics.X-CUBE-BLE1.7.0.0
2024-03-19 10:28:44,760 [WARN] PackLoader:242 - Cannot read IP mode file for emotas.I-CUBE-CANOPEN.1.3.0
2024-03-19 10:28:44,776 [WARN] PackLoader:242 - Cannot read IP mode file for STMicroelectronics.X-CUBE-TOUCHGFX.4.22.0
2024-03-19 10:28:44,794 [WARN] PackLoader:242 - Cannot read IP mode file for STMicroelectronics.X-CUBE-TOUCHGFX.4.22.1
2024-03-19 10:28:44,831 [WARN] PackLoader:242 - Cannot read IP mode file for STMicroelectronics.X-CUBE-BLEMGR.3.1.0
2024-03-19 10:28:44,863 [WARN] PackLoader:242 - Cannot read IP mode file for STMicroelectronics.FP-SNS-SMARTAG2.1.2.0
2024-03-19 10:28:44,893 [INFO] LogOutputStream:76 - [STDOUT_REDIRECT] 1 : Invalid condition id : UX_CORESTACK_Condition cause : null
2024-03-19 10:28:44,894 [INFO] LogOutputStream:76 - [STDOUT_REDIRECT] 1 : Invalid condition id : UX_CORESTACK_Condition cause : null
2024-03-19 10:28:44,896 [INFO] LogOutputStream:76 - [STDOUT_REDIRECT] 1 : Invalid condition id : UX_CORESTACK_Condition cause : null
2024-03-19 10:28:44,898 [INFO] LogOutputStream:76 - [STDOUT_REDIRECT] 1 : Invalid condition id : UX_CORESTACK_Condition cause : null
2024-03-19 10:28:44,900 [INFO] LogOutputStream:76 - [STDOUT_REDIRECT] 1 : Invalid condition id : UX_CORESTACK_Condition cause : null
2024-03-19 10:28:44,905 [WARN] PackLoader:242 - Cannot read IP mode file for STMicroelectronics.X-CUBE-AZRTOS-WL.2.0.0
2024-03-19 10:28:44,931 [WARN] PackLoader:242 - Cannot read IP mode file for WES.I-CUBE-Cesium.1.3.0
2024-03-19 10:28:44,949 [WARN] PackLoader:242 - Cannot read IP mode file for STMicroelectronics.X-CUBE-BLE2.3.3.0
2024-03-19 10:28:44,975 [WARN] PackLoader:242 - Cannot read IP mode file for STMicroelectronics.X-CUBE-ALGOBUILD.1.3.0
2024-03-19 10:28:45,040 [WARN] PackLoader:242 - Cannot read IP mode file for STMicroelectronics.X-CUBE-AZRTOS-G0.1.1.0
2024-03-19 10:28:45,109 [WARN] PackLoader:242 - Cannot read IP mode file for STMicroelectronics.X-CUBE-NFC4.3.0.0
2024-03-19 10:28:45,142 [WARN] PackLoader:242 - Cannot read IP mode file for STMicroelectronics.X-CUBE-BLEMGR.3.0.0
2024-03-19 10:28:45,172 [WARN] PackLoader:242 - Cannot read IP mode file for STMicroelectronics.FP-ATR-SIGFOX1.3.2.0
2024-03-19 10:28:45,196 [WARN] PackLoader:242 - Cannot read IP mode file for STMicroelectronics.X-CUBE-EEPRMA1.5.1.0
2024-03-19 10:28:45,269 [WARN] PackLoader:242 - Cannot read IP mode file for SEGGER.I-CUBE-embOS.1.3.1
2024-03-19 10:28:45,398 [WARN] PackLoader:242 - Cannot read IP mode file for STMicroelectronics.X-CUBE-GNSS1.6.0.0
2024-03-19 10:28:45,451 [WARN] PackLoader:242 - Cannot read IP mode file for STMicroelectronics.X-CUBE-AZRTOS-F4.1.1.0
2024-03-19 10:28:45,480 [WARN] PackLoader:242 - Cannot read IP mode file for wolfSSL.I-CUBE-wolfSSL.5.6.3
2024-03-19 10:28:45,540 [WARN] PackLoader:242 - Cannot read IP mode file for STMicroelectronics.X-CUBE-AZRTOS-L5.2.0.0
2024-03-19 10:28:45,648 [WARN] PackLoader:242 - Cannot read IP mode file for STMicroelectronics.X-CUBE-MEMS1.9.6.0
2024-03-19 10:28:45,868 [WARN] PackLoader:242 - Cannot read IP mode file for STMicroelectronics.X-CUBE-EEPRMA1.4.2.0
2024-03-19 10:28:45,892 [WARN] PackLoader:242 - Cannot read IP mode file for ITTIA_DB.I-CUBE-ITTIADB.8.8.0
2024-03-19 10:28:45,914 [WARN] PackLoader:242 - Cannot read IP mode file for STMicroelectronics.X-CUBE-BLEMGR.2.0.0
2024-03-19 10:28:45,954 [WARN] ConditionMgr:437 - getConditionDescription Invalid condition id : UX DEVICE CLASS RTOS Condition cause : null
2024-03-19 10:28:45,955 [WARN] ConditionMgr:437 - getConditionDescription Invalid condition id : UX DEVICE CLASS RTOS Condition cause : null
2024-03-19 10:28:45,960 [WARN] PackLoader:242 - Cannot read IP mode file for STMicroelectronics.X-CUBE-AZRTOS-H7.3.1.0
2024-03-19 10:28:45,962 [WARN] ConditionMgr:1038 - genDependencies : Invalid condition id : UX DEVICE CLASS RTOS Condition cause : null
2024-03-19 10:28:45,962 [WARN] ConditionMgr:1038 - genDependencies : Invalid condition id : UX DEVICE CLASS RTOS Condition cause : null
2024-03-19 10:28:45,962 [WARN] ConditionMgr:1038 - genDependencies : Invalid condition id : UX DEVICE CLASS RTOS Condition cause : null
2024-03-19 10:28:45,963 [WARN] ConditionMgr:1038 - genDependencies : Invalid condition id : UX DEVICE CLASS RTOS Condition cause : null
2024-03-19 10:28:45,963 [WARN] ConditionMgr:1038 - genDependencies : Invalid condition id : UX DEVICE CLASS RTOS Condition cause : null
2024-03-19 10:28:45,983 [WARN] PackLoader:242 - Cannot read IP mode file for STMicroelectronics.X-CUBE-NFC7.1.0.1
2024-03-19 10:28:46,002 [WARN] PackLoader:242 - Cannot read IP mode file for STMicroelectronics.X-CUBE-NFC6.3.0.0
2024-03-19 10:28:46,020 [WARN] PackLoader:242 - Cannot read IP mode file for STMicroelectronics.X-CUBE-EEPRMA1.4.1.0
2024-03-19 10:28:46,038 [WARN] PackLoader:242 - Cannot read IP mode file for STMicroelectronics.X-CUBE-AI.8.1.0
2024-03-19 10:28:46,078 [WARN] ConditionMgr:437 - getConditionDescription Invalid condition id : LAN8742 Phy interface Condition cause : null
2024-03-19 10:28:46,079 [WARN] PackLoader:242 - Cannot read IP mode file for STMicroelectronics.X-CUBE-AZRTOS-L4.2.0.0
2024-03-19 10:28:46,081 [WARN] ConditionMgr:1038 - genDependencies : Invalid condition id : LAN8742 Phy interface Condition cause : null
2024-03-19 10:28:46,082 [WARN] ConditionMgr:1038 - genDependencies : Invalid condition id : LAN8742 Phy interface Condition cause : null
2024-03-19 10:28:46,083 [WARN] ConditionMgr:1038 - genDependencies : Invalid condition id : LAN8742 Phy interface Condition cause : null
2024-03-19 10:28:46,104 [WARN] PackLoader:242 - Cannot read IP mode file for STMicroelectronics.X-CUBE-SFXS2LP1.4.0.0
2024-03-19 10:28:46,125 [WARN] PackLoader:242 - Cannot read IP mode file for STMicroelectronics.X-CUBE-ISPU.1.1.0
2024-03-19 10:28:46,156 [WARN] ConditionMgr:437 - getConditionDescription Invalid condition id : UX DEVICE CLASS RTOS Condition cause : null
2024-03-19 10:28:46,156 [WARN] ConditionMgr:437 - getConditionDescription Invalid condition id : UX DEVICE CLASS RTOS Condition cause : null
2024-03-19 10:28:46,157 [WARN] PackLoader:242 - Cannot read IP mode file for STMicroelectronics.X-CUBE-AZRTOS-WB.2.0.0
2024-03-19 10:28:46,158 [WARN] ConditionMgr:1038 - genDependencies : Invalid condition id : UX DEVICE CLASS RTOS Condition cause : null
2024-03-19 10:28:46,158 [WARN] ConditionMgr:1038 - genDependencies : Invalid condition id : UX DEVICE CLASS RTOS Condition cause : null
2024-03-19 10:28:46,160 [WARN] ConditionMgr:1038 - genDependencies : Invalid condition id : UX DEVICE CLASS RTOS Condition cause : null
2024-03-19 10:28:46,161 [WARN] ConditionMgr:1038 - genDependencies : Invalid condition id : UX DEVICE CLASS RTOS Condition cause : null
2024-03-19 10:28:46,161 [WARN] ConditionMgr:1038 - genDependencies : Invalid condition id : UX DEVICE CLASS RTOS Condition cause : null
2024-03-19 10:28:46,186 [WARN] PackLoader:242 - Cannot read IP mode file for STMicroelectronics.X-CUBE-FREERTOS.1.0.1
2024-03-19 10:28:46,224 [WARN] PackLoader:242 - Cannot read IP mode file for STMicroelectronics.X-CUBE-SUBG2.5.0.0
2024-03-19 10:28:46,255 [WARN] PackLoader:242 - Cannot read IP mode file for STMicroelectronics.X-CUBE-TOF1.3.3.1
2024-03-19 10:28:46,291 [WARN] PackLoader:242 - Cannot read IP mode file for STMicroelectronics.X-CUBE-AZRTOS-G4.2.0.0
2024-03-19 10:28:46,319 [WARN] PackLoader:242 - Cannot read IP mode file for Infineon.AIROC-Wi-Fi-Bluetooth-STM32.1.5.1
2024-03-19 10:28:46,335 [WARN] PackLoader:242 - Cannot read IP mode file for STMicroelectronics.FP-SNS-MOTENVWB1.1.3.1
2024-03-19 10:28:46,351 [WARN] PackLoader:242 - Cannot read IP mode file for STMicroelectronics.X-CUBE-ISPU.2.0.0
2024-03-19 10:28:46,404 [WARN] PackLoader:242 - Cannot read IP mode file for STMicroelectronics.X-CUBE-MEMS1.10.0.0
2024-03-19 10:28:46,549 [WARN] PackLoader:242 - Cannot read IP mode file for STMicroelectronics.X-CUBE-FREERTOS.1.1.0
2024-03-19 10:28:46,567 [WARN] PackLoader:242 - Cannot read IP mode file for portGmbH.I-Cube-SoM-uGOAL.1.1.0
2024-03-19 10:28:46,595 [WARN] PackLoader:242 - Cannot read IP mode file for STMicroelectronics.X-CUBE-ALS.1.0.1
2024-03-19 10:28:46,613 [WARN] PackLoader:242 - Cannot read IP mode file for STMicroelectronics.FP-ATR-ASTRA1.2.0.0
2024-03-19 10:28:46,636 [WARN] PackLoader:242 - Cannot read IP mode file for STMicroelectronics.X-CUBE-TOF1.3.4.0
2024-03-19 10:28:46,666 [WARN] PackLoader:242 - Cannot read IP mode file for STMicroelectronics.X-CUBE-TOF1.3.4.1
2024-03-19 10:28:46,713 [WARN] PackLoader:242 - Cannot read IP mode file for STMicroelectronics.X-CUBE-AZRTOS-H7.3.2.0
2024-03-19 10:28:46,717 [INFO] ThirdParty:947 - Integrity check success = true
2024-03-19 10:28:46,717 [INFO] IntegrityCheckThread:98 - exiting critical section [integrity check]
2024-03-19 10:28:46,717 [INFO] IntegrityCheckThread:101 - End integrity checks thread
2024-03-19 10:28:49,524 [WARN] DbFile:40 - Overriding database path with different value: C:\Users\harpr\.stmcufinder\plugins\mcufinder/ => C:\Users\harpr\.stmcufinder\plugins\mcufinder
2024-03-19 10:28:49,638 [INFO] ServerAccessManage:474 - Download File api_config.json
2024-03-19 10:28:49,760 [INFO] LoadUrlFilesThread:150 - End of LoadUrlFiles Thread
2024-03-19 10:28:49,761 [INFO] DbMcusAds:52 - JSON generation date=Wed Nov 29 16:22:27 IST 2023 (1701255147349)
2024-03-19 10:28:49,783 [INFO] LoadUrlFilesThread:179 - End of LoadServerUrlFiles without Thread
2024-03-19 10:28:49,783 [INFO] TargetSelectorAdapter:258 - Refresh data is successful
2024-03-19 10:28:49,912 [INFO] ApiDb:580 - Connected to CubeFinder SQLite database (C:\Users\harpr\.stmcufinder\plugins\mcufinder\mcu\cube-finder-db.db)
2024-03-19 10:28:49,986 [INFO] ApiDb:667 - CubeFinder database Data Model version=2.1
2024-03-19 10:28:49,987 [INFO] ApiDb:668 - CubeFinder database Configuration version=3.0.39
2024-03-19 10:28:49,987 [INFO] ApiDb:669 - CubeFinder database generation date=2024-03-01 (1709305525)
2024-03-19 10:28:49,987 [INFO] ApiDb:670 - CubeFinder database FW Pack versions=[FP-ATR-ASTRA1_V2.0.0, FP-SNS-FLIGHT1_V5.0.1, FP-SNS-FLIGHT1_V5.0.2, FP-SNS-MOTENV1_V4.3.1, FP-SNS-MOTENV1_V4.3.2, FP-SNS-MOTENVWB1_V1.3.1, FP-SNS-SMARTAG2_V1.2.0, STM32Cube_FW_C0_V1.1.0, STM32Cube_FW_F4_V1.28.0, STM32Cube_FW_F7_V1.17.0, STM32Cube_FW_G0_V1.6.2, STM32Cube_FW_G4_V1.5.2, STM32Cube_FW_H5_V0.5.1, STM32Cube_FW_H5_V1.1.1, STM32Cube_FW_H5_V1.2.0, STM32Cube_FW_H5_V1.2.0RC4, STM32Cube_FW_H7RS_V1.0.0, STM32Cube_FW_H7RS_V1.0.0RC4, STM32Cube_FW_H7_V1.11.0, STM32Cube_FW_L0_V1.12.2, STM32Cube_FW_L5_V1.5.1, STM32Cube_FW_U0_V1.0.0, STM32Cube_FW_U0_V1.0.0RC1, STM32Cube_FW_U5_V1.3.0RC4, STM32Cube_FW_U5_V1.5.0, STM32Cube_FW_U5_V1.5.0RC1, STM32Cube_FW_WBA_V1.0.0RC1, STM32Cube_FW_WBA_V1.2.0, STM32Cube_FW_WBA_V1.2.0RC2, STM32Cube_FW_WBA_V1.3.0, STM32Cube_FW_WBA_V1.3.0RC1, STM32Cube_FW_WB_V1.15.0RC1, STM32Cube_FW_WB_V1.16.0, STM32Cube_FW_WB_V1.16.0RC2, STM32Cube_FW_WB_V1.18.0, STM32Cube_FW_WB_V1.19.0, STM32Cube_FW_WL_V1.3.0, X-CUBE-ALGOBUILD_V1.3.0, X-CUBE-ALS_V1.0.1, X-CUBE-AZRTOS-F4_V1.1.0, X-CUBE-AZRTOS-F7_V1.1.0, X-CUBE-AZRTOS-G0_V1.1.0, X-CUBE-AZRTOS-G4_V2.0.0, X-CUBE-AZRTOS-H7_V3.2.0, X-CUBE-AZRTOS-L4_V1.0.0, X-CUBE-AZRTOS-L4_V2.0.0, X-CUBE-AZRTOS-L5_V1.1.0, X-CUBE-AZRTOS-WB_V2.0.0, X-CUBE-AZRTOS-WL_V2.0.0, X-CUBE-BLE1_V7.0.0, X-CUBE-BLE2_V3.3.0, X-CUBE-BLEMGR_V3.1.0, X-CUBE-EEPRMA1_V4.1.0, X-CUBE-EEPRMA1_V5.1.0, X-CUBE-FREERTOS_V1.1.0, X-CUBE-GNSS1_V6.0.0, X-CUBE-MEMS1_V10.0.0, X-CUBE-MEMS1_V9.1.0, X-CUBE-MEMS1_V9.4.0, X-CUBE-MEMS1_V9.6.0, X-CUBE-NFC4_V3.0.0, X-CUBE-NFC7_V1.0.1, X-CUBE-SFXS2LP1_V4.0.0, X-CUBE-SUBG2_V5.0.0, X-CUBE-TOF1_V3.4.0]
2024-03-19 10:28:52,215 [INFO] ApiDb:239 - Found 143 in-development CPN: [B-WB1M-WPAN1, B-WL5M-SUBG1, NUCLEO-C031C6, STEVAL-PROTEUS1, STEVAL-STWINBX1, STM320518-EVAL, STM32C0116-DK, STM32C011D6Y3TR, STM32C011D6Y6TR, STM32C011F4P3, STM32C011F4P6, STM32C011F4U3, STM32C011F4U6TR, STM32C011F6P3, STM32C011F6P6, STM32C011F6U3, STM32C011F6U6TR, STM32C011J4M3, STM32C011J4M6, STM32C011J6M3, STM32C011J6M6, STM32C0316-DK, STM32C031C4T3, STM32C031C4T6, STM32C031C4U3, STM32C031C4U6, STM32C031C6T3, STM32C031C6T6, STM32C031C6U3, STM32C031C6U6, STM32C031F4P3, STM32C031F4P6, STM32C031F6P3, STM32C031F6P6, STM32C031G4U3, STM32C031G4U6, STM32C031G6U3, STM32C031G6U6, STM32C031K4T3, STM32C031K4T6, STM32C031K4U3, STM32C031K4U6, STM32C031K6T3, STM32C031K6T6, STM32C031K6U3, STM32C031K6U6, STM32G071K8TXN, STM32G071K8UXN, STM32G081GBU6N, STM32G081KBT6N, STM32G081KBUXN, STM32G0B1CCT6N, STM32G0B1KCT6, STM32G0B1NEY6TR, STM32G0B1RCT6N, STM32G0C1CCT6, STM32G0C1CCT6N, STM32G0C1CCU6N, STM32G0C1CET6N, STM32G0C1CEU6N, STM32G0C1KCT6, STM32G0C1NEY6TR, STM32G0C1RCI6N, STM32G0C1RCT6N, STM32G0C1REI6N, STM32G0C1RET6N, STM32G0C1VCI6, STM32G0C1VEI6, STM32G471CCT6, STM32G471CCU6, STM32G471CET3, STM32G471CET6, STM32G471CEU3, STM32G471CEU6, STM32G471MCT6, STM32G471MET3, STM32G471MET6, STM32G471MEY6TR, STM32G471QCT6, STM32G471QET3, STM32G471RCT6, STM32G471RET3, STM32G471RET6, STM32G471VCH6, STM32G471VCI6, STM32G471VCT6, STM32G471VEH3, STM32G471VEH6, STM32G471VEI3, STM32G471VEI6, STM32G471VET3, STM32G471VET6, STM32G474CCT6, STM32L476VGY6PTR, STM32L4R5QGI6STR, STM32MP131AAE3, STM32MP131AAF3, STM32MP131AAG3, STM32MP131CAE3, STM32MP131CAF3, STM32MP131CAG3, STM32MP131DAE7, STM32MP131DAF7, STM32MP131DAG7, STM32MP131FAE7, STM32MP131FAF7, STM32MP131FAG7, STM32MP133AAE3, STM32MP133AAF3, STM32MP133AAG3, STM32MP133CAE3, STM32MP133CAF3, STM32MP133CAG3, STM32MP133DAE7, STM32MP133DAF7, STM32MP133DAG7, STM32MP133FAE7, STM32MP133FAF7, STM32MP133FAG7, STM32MP135AAE3, STM32MP135AAF3, STM32MP135AAG3, STM32MP135CAE3, STM32MP135CAF3, STM32MP135CAG3, STM32MP135DAE7, STM32MP135DAF7, STM32MP135DAG7, STM32MP135F-DK, STM32MP135FAE7, STM32MP135FAF7, STM32MP135FAF7T, STM32MP135FAF7U, STM32MP135FAG7, STM32U595ZJT6Q, STM32U599BJY6QTR, STM32U599NIH6Q, STM32U599NJH6Q, STM32U5A5ZJT6Q, STM32U5A9BJY6QTR, STM32U5A9NJH6Q, STM32WB1MMCH6, STM32WL5MOCH6TR]
2024-03-19 10:28:52,222 [INFO] DbMcus:215 - Found 3929 MCUs, 3929 are supported
2024-03-19 10:28:52,226 [INFO] ApiDb:422 - Load user favorites file C:\Users\harpr/.stm32cubeide/favorites.mcus.txt: 0 item(s)
2024-03-19 10:28:52,226 [INFO] ApiDb:426 - User favorites MCUs=[]
2024-03-19 10:28:52,227 [INFO] DbMcus:221 - Set 0 / 0 favorites MCUs
2024-03-19 10:28:52,891 [INFO] ApiDb:667 - CubeFinder database Data Model version=2.1
2024-03-19 10:28:52,891 [INFO] ApiDb:668 - CubeFinder database Configuration version=3.0.39
2024-03-19 10:28:52,891 [INFO] ApiDb:669 - CubeFinder database generation date=2024-03-01 (1709305525)
2024-03-19 10:28:52,891 [INFO] ApiDb:670 - CubeFinder database FW Pack versions=[FP-ATR-ASTRA1_V2.0.0, FP-SNS-FLIGHT1_V5.0.1, FP-SNS-FLIGHT1_V5.0.2, FP-SNS-MOTENV1_V4.3.1, FP-SNS-MOTENV1_V4.3.2, FP-SNS-MOTENVWB1_V1.3.1, FP-SNS-SMARTAG2_V1.2.0, STM32Cube_FW_C0_V1.1.0, STM32Cube_FW_F4_V1.28.0, STM32Cube_FW_F7_V1.17.0, STM32Cube_FW_G0_V1.6.2, STM32Cube_FW_G4_V1.5.2, STM32Cube_FW_H5_V0.5.1, STM32Cube_FW_H5_V1.1.1, STM32Cube_FW_H5_V1.2.0, STM32Cube_FW_H5_V1.2.0RC4, STM32Cube_FW_H7RS_V1.0.0, STM32Cube_FW_H7RS_V1.0.0RC4, STM32Cube_FW_H7_V1.11.0, STM32Cube_FW_L0_V1.12.2, STM32Cube_FW_L5_V1.5.1, STM32Cube_FW_U0_V1.0.0, STM32Cube_FW_U0_V1.0.0RC1, STM32Cube_FW_U5_V1.3.0RC4, STM32Cube_FW_U5_V1.5.0, STM32Cube_FW_U5_V1.5.0RC1, STM32Cube_FW_WBA_V1.0.0RC1, STM32Cube_FW_WBA_V1.2.0, STM32Cube_FW_WBA_V1.2.0RC2, STM32Cube_FW_WBA_V1.3.0, STM32Cube_FW_WBA_V1.3.0RC1, STM32Cube_FW_WB_V1.15.0RC1, STM32Cube_FW_WB_V1.16.0, STM32Cube_FW_WB_V1.16.0RC2, STM32Cube_FW_WB_V1.18.0, STM32Cube_FW_WB_V1.19.0, STM32Cube_FW_WL_V1.3.0, X-CUBE-ALGOBUILD_V1.3.0, X-CUBE-ALS_V1.0.1, X-CUBE-AZRTOS-F4_V1.1.0, X-CUBE-AZRTOS-F7_V1.1.0, X-CUBE-AZRTOS-G0_V1.1.0, X-CUBE-AZRTOS-G4_V2.0.0, X-CUBE-AZRTOS-H7_V3.2.0, X-CUBE-AZRTOS-L4_V1.0.0, X-CUBE-AZRTOS-L4_V2.0.0, X-CUBE-AZRTOS-L5_V1.1.0, X-CUBE-AZRTOS-WB_V2.0.0, X-CUBE-AZRTOS-WL_V2.0.0, X-CUBE-BLE1_V7.0.0, X-CUBE-BLE2_V3.3.0, X-CUBE-BLEMGR_V3.1.0, X-CUBE-EEPRMA1_V4.1.0, X-CUBE-EEPRMA1_V5.1.0, X-CUBE-FREERTOS_V1.1.0, X-CUBE-GNSS1_V6.0.0, X-CUBE-MEMS1_V10.0.0, X-CUBE-MEMS1_V9.1.0, X-CUBE-MEMS1_V9.4.0, X-CUBE-MEMS1_V9.6.0, X-CUBE-NFC4_V3.0.0, X-CUBE-NFC7_V1.0.1, X-CUBE-SFXS2LP1_V4.0.0, X-CUBE-SUBG2_V5.0.0, X-CUBE-TOF1_V3.4.0]
2024-03-19 10:28:52,962 [INFO] DbBoardsSqlite:225 - include board P-NUCLEO-WB55-NUCLEO as a kit item of type 'Nucleo-64'
2024-03-19 10:28:52,963 [INFO] DbBoardsSqlite:225 - include board P-NUCLEO-WB55-USBDONGLE as a kit item of type 'Nucleo USB Dongle'
2024-03-19 10:28:52,963 [INFO] DbBoardsSqlite:225 - include board STEVAL-IDP005V1 as a kit item of type 'Evaluation Board'
2024-03-19 10:28:52,963 [INFO] DbBoardsSqlite:225 - include board STEVAL-IDP005V2 as a kit item of type 'Evaluation Board'
2024-03-19 10:28:53,053 [INFO] ApiDb:239 - Found 143 in-development CPN: [B-WB1M-WPAN1, B-WL5M-SUBG1, NUCLEO-C031C6, STEVAL-PROTEUS1, STEVAL-STWINBX1, STM320518-EVAL, STM32C0116-DK, STM32C011D6Y3TR, STM32C011D6Y6TR, STM32C011F4P3, STM32C011F4P6, STM32C011F4U3, STM32C011F4U6TR, STM32C011F6P3, STM32C011F6P6, STM32C011F6U3, STM32C011F6U6TR, STM32C011J4M3, STM32C011J4M6, STM32C011J6M3, STM32C011J6M6, STM32C0316-DK, STM32C031C4T3, STM32C031C4T6, STM32C031C4U3, STM32C031C4U6, STM32C031C6T3, STM32C031C6T6, STM32C031C6U3, STM32C031C6U6, STM32C031F4P3, STM32C031F4P6, STM32C031F6P3, STM32C031F6P6, STM32C031G4U3, STM32C031G4U6, STM32C031G6U3, STM32C031G6U6, STM32C031K4T3, STM32C031K4T6, STM32C031K4U3, STM32C031K4U6, STM32C031K6T3, STM32C031K6T6, STM32C031K6U3, STM32C031K6U6, STM32G071K8TXN, STM32G071K8UXN, STM32G081GBU6N, STM32G081KBT6N, STM32G081KBUXN, STM32G0B1CCT6N, STM32G0B1KCT6, STM32G0B1NEY6TR, STM32G0B1RCT6N, STM32G0C1CCT6, STM32G0C1CCT6N, STM32G0C1CCU6N, STM32G0C1CET6N, STM32G0C1CEU6N, STM32G0C1KCT6, STM32G0C1NEY6TR, STM32G0C1RCI6N, STM32G0C1RCT6N, STM32G0C1REI6N, STM32G0C1RET6N, STM32G0C1VCI6, STM32G0C1VEI6, STM32G471CCT6, STM32G471CCU6, STM32G471CET3, STM32G471CET6, STM32G471CEU3, STM32G471CEU6, STM32G471MCT6, STM32G471MET3, STM32G471MET6, STM32G471MEY6TR, STM32G471QCT6, STM32G471QET3, STM32G471RCT6, STM32G471RET3, STM32G471RET6, STM32G471VCH6, STM32G471VCI6, STM32G471VCT6, STM32G471VEH3, STM32G471VEH6, STM32G471VEI3, STM32G471VEI6, STM32G471VET3, STM32G471VET6, STM32G474CCT6, STM32L476VGY6PTR, STM32L4R5QGI6STR, STM32MP131AAE3, STM32MP131AAF3, STM32MP131AAG3, STM32MP131CAE3, STM32MP131CAF3, STM32MP131CAG3, STM32MP131DAE7, STM32MP131DAF7, STM32MP131DAG7, STM32MP131FAE7, STM32MP131FAF7, STM32MP131FAG7, STM32MP133AAE3, STM32MP133AAF3, STM32MP133AAG3, STM32MP133CAE3, STM32MP133CAF3, STM32MP133CAG3, STM32MP133DAE7, STM32MP133DAF7, STM32MP133DAG7, STM32MP133FAE7, STM32MP133FAF7, STM32MP133FAG7, STM32MP135AAE3, STM32MP135AAF3, STM32MP135AAG3, STM32MP135CAE3, STM32MP135CAF3, STM32MP135CAG3, STM32MP135DAE7, STM32MP135DAF7, STM32MP135DAG7, STM32MP135F-DK, STM32MP135FAE7, STM32MP135FAF7, STM32MP135FAF7T, STM32MP135FAF7U, STM32MP135FAG7, STM32U595ZJT6Q, STM32U599BJY6QTR, STM32U599NIH6Q, STM32U599NJH6Q, STM32U5A5ZJT6Q, STM32U5A9BJY6QTR, STM32U5A9NJH6Q, STM32WB1MMCH6, STM32WL5MOCH6TR]
2024-03-19 10:28:53,091 [INFO] BoardInfo:879 - No configuration file found for board B-G473E-ZEST1S
2024-03-19 10:28:53,091 [INFO] DbBoards:156 - Board is not supported: B-G473E-ZEST1S
2024-03-19 10:28:53,181 [INFO] BoardInfo:879 - No configuration file found for board NUCLEO-H503RB
2024-03-19 10:28:53,181 [INFO] DbBoards:156 - Board is not supported: NUCLEO-H503RB
2024-03-19 10:28:53,183 [INFO] BoardInfo:879 - No configuration file found for board NUCLEO-H563ZI
2024-03-19 10:28:53,183 [INFO] DbBoards:156 - Board is not supported: NUCLEO-H563ZI
2024-03-19 10:28:53,219 [INFO] BoardInfo:879 - No configuration file found for board NUCLEO-U545RE-Q
2024-03-19 10:28:53,219 [INFO] DbBoards:156 - Board is not supported: NUCLEO-U545RE-Q
2024-03-19 10:28:53,221 [INFO] BoardInfo:879 - No configuration file found for board NUCLEO-U5A5ZJ-Q
2024-03-19 10:28:53,222 [INFO] DbBoards:156 - Board is not supported: NUCLEO-U5A5ZJ-Q
2024-03-19 10:28:53,225 [INFO] BoardInfo:879 - No configuration file found for board NUCLEO-WBA52CG
2024-03-19 10:28:53,225 [INFO] DbBoards:156 - Board is not supported: NUCLEO-WBA52CG
2024-03-19 10:28:53,232 [INFO] BoardInfo:879 - No configuration file found for board P-NUCLEO-WB55
2024-03-19 10:28:53,232 [INFO] DbBoards:156 - Kit is not supported: P-NUCLEO-WB55
2024-03-19 10:28:53,236 [INFO] BoardInfo:879 - No configuration file found for board STEVAL-BFA001V1B
2024-03-19 10:28:53,237 [INFO] DbBoards:156 - Kit is not supported: STEVAL-BFA001V1B
2024-03-19 10:28:53,238 [INFO] BoardInfo:879 - No configuration file found for board STEVAL-BFA001V2B
2024-03-19 10:28:53,238 [INFO] DbBoards:156 - Kit is not supported: STEVAL-BFA001V2B
2024-03-19 10:28:53,241 [INFO] BoardInfo:879 - No configuration file found for board STEVAL-MKBOXPRO
2024-03-19 10:28:53,241 [INFO] DbBoards:156 - Board is not supported: STEVAL-MKBOXPRO
2024-03-19 10:28:53,245 [INFO] BoardInfo:879 - No configuration file found for board STEVAL-SMARTAG2
2024-03-19 10:28:53,245 [INFO] DbBoards:156 - Board is not supported: STEVAL-SMARTAG2
2024-03-19 10:28:53,324 [INFO] BoardInfo:879 - No configuration file found for board STM32H573I-DK
2024-03-19 10:28:53,324 [INFO] DbBoards:156 - Board is not supported: STM32H573I-DK
2024-03-19 10:28:53,394 [INFO] BoardInfo:879 - No configuration file found for board STM32U5A9J-DK
2024-03-19 10:28:53,394 [INFO] DbBoards:156 - Board is not supported: STM32U5A9J-DK
2024-03-19 10:28:53,396 [INFO] BoardInfo:879 - No configuration file found for board STM32U5G9J-DK1
2024-03-19 10:28:53,397 [INFO] DbBoards:156 - Board is not supported: STM32U5G9J-DK1
2024-03-19 10:28:53,398 [INFO] BoardInfo:879 - No configuration file found for board STM32U5G9J-DK2
2024-03-19 10:28:53,398 [INFO] DbBoards:156 - Board is not supported: STM32U5G9J-DK2
2024-03-19 10:28:53,402 [INFO] DbBoards:160 - Found 191 boards, 176 are supported
2024-03-19 10:28:53,410 [INFO] ApiDb:422 - Load user favorites file C:\Users\harpr/.stm32cubeide/favorites.boards.txt: 1 item(s)
2024-03-19 10:28:53,410 [INFO] ApiDb:426 - User favorites Boards=[STM32F411E-DISCO]
2024-03-19 10:28:53,410 [INFO] DbBoards:189 - Set 1 / 1 favorites Boards
2024-03-19 10:28:53,414 [INFO] ApiDb:667 - CubeFinder database Data Model version=2.1
2024-03-19 10:28:53,414 [INFO] ApiDb:668 - CubeFinder database Configuration version=3.0.39
2024-03-19 10:28:53,414 [INFO] ApiDb:669 - CubeFinder database generation date=2024-03-01 (1709305525)
2024-03-19 10:28:53,414 [INFO] ApiDb:670 - CubeFinder database FW Pack versions=[FP-ATR-ASTRA1_V2.0.0, FP-SNS-FLIGHT1_V5.0.1, FP-SNS-FLIGHT1_V5.0.2, FP-SNS-MOTENV1_V4.3.1, FP-SNS-MOTENV1_V4.3.2, FP-SNS-MOTENVWB1_V1.3.1, FP-SNS-SMARTAG2_V1.2.0, STM32Cube_FW_C0_V1.1.0, STM32Cube_FW_F4_V1.28.0, STM32Cube_FW_F7_V1.17.0, STM32Cube_FW_G0_V1.6.2, STM32Cube_FW_G4_V1.5.2, STM32Cube_FW_H5_V0.5.1, STM32Cube_FW_H5_V1.1.1, STM32Cube_FW_H5_V1.2.0, STM32Cube_FW_H5_V1.2.0RC4, STM32Cube_FW_H7RS_V1.0.0, STM32Cube_FW_H7RS_V1.0.0RC4, STM32Cube_FW_H7_V1.11.0, STM32Cube_FW_L0_V1.12.2, STM32Cube_FW_L5_V1.5.1, STM32Cube_FW_U0_V1.0.0, STM32Cube_FW_U0_V1.0.0RC1, STM32Cube_FW_U5_V1.3.0RC4, STM32Cube_FW_U5_V1.5.0, STM32Cube_FW_U5_V1.5.0RC1, STM32Cube_FW_WBA_V1.0.0RC1, STM32Cube_FW_WBA_V1.2.0, STM32Cube_FW_WBA_V1.2.0RC2, STM32Cube_FW_WBA_V1.3.0, STM32Cube_FW_WBA_V1.3.0RC1, STM32Cube_FW_WB_V1.15.0RC1, STM32Cube_FW_WB_V1.16.0, STM32Cube_FW_WB_V1.16.0RC2, STM32Cube_FW_WB_V1.18.0, STM32Cube_FW_WB_V1.19.0, STM32Cube_FW_WL_V1.3.0, X-CUBE-ALGOBUILD_V1.3.0, X-CUBE-ALS_V1.0.1, X-CUBE-AZRTOS-F4_V1.1.0, X-CUBE-AZRTOS-F7_V1.1.0, X-CUBE-AZRTOS-G0_V1.1.0, X-CUBE-AZRTOS-G4_V2.0.0, X-CUBE-AZRTOS-H7_V3.2.0, X-CUBE-AZRTOS-L4_V1.0.0, X-CUBE-AZRTOS-L4_V2.0.0, X-CUBE-AZRTOS-L5_V1.1.0, X-CUBE-AZRTOS-WB_V2.0.0, X-CUBE-AZRTOS-WL_V2.0.0, X-CUBE-BLE1_V7.0.0, X-CUBE-BLE2_V3.3.0, X-CUBE-BLEMGR_V3.1.0, X-CUBE-EEPRMA1_V4.1.0, X-CUBE-EEPRMA1_V5.1.0, X-CUBE-FREERTOS_V1.1.0, X-CUBE-GNSS1_V6.0.0, X-CUBE-MEMS1_V10.0.0, X-CUBE-MEMS1_V9.1.0, X-CUBE-MEMS1_V9.4.0, X-CUBE-MEMS1_V9.6.0, X-CUBE-NFC4_V3.0.0, X-CUBE-NFC7_V1.0.1, X-CUBE-SFXS2LP1_V4.0.0, X-CUBE-SUBG2_V5.0.0, X-CUBE-TOF1_V3.4.0]
2024-03-19 10:28:54,236 [ERROR] DbExamplesSqlite:417 - Missing JSON key: board_cpn
2024-03-19 10:28:54,237 [ERROR] DbExamplesSqlite:417 - Missing JSON key: board_cpn
2024-03-19 10:28:54,237 [ERROR] DbExamplesSqlite:417 - Missing JSON key: board_cpn
2024-03-19 10:28:54,237 [ERROR] DbExamplesSqlite:417 - Missing JSON key: board_cpn
2024-03-19 10:28:54,413 [INFO] DbExamplesSqlite:375 - Ignored 60 examples not supported by CubeIDE
2024-03-19 10:28:54,413 [INFO] DbExamplesSqlite:376 - Found 8152 examples active
2024-03-19 10:28:54,414 [INFO] DbExamplesSqlite:377 - Found 871 examples obsolete
2024-03-19 10:28:54,414 [INFO] DbExamplesSqlite:378 - Found 0 examples under development
2024-03-19 10:28:54,414 [INFO] DbExamplesSqlite:379 - Found 10 examples not building
2024-03-19 10:28:54,417 [INFO] DbExamples:124 - Found 8102 examples
2024-03-19 10:28:54,732 [ERROR] DbExamples:207 - Found 822 examples with invalid data (board or MCU)
2024-03-19 10:28:54,733 [INFO] DbExamples:221 - Found 93 boards with related examples
2024-03-19 10:28:54,734 [INFO] DbExamples:234 - Found 79 MCUs with related examples
2024-03-19 10:28:54,758 [INFO] ApiDb:422 - Load user favorites file C:\Users\harpr/.stm32cubeide/favorites.examples.txt: 0 item(s)
2024-03-19 10:28:54,758 [INFO] ApiDb:426 - User favorites Examples=[]
2024-03-19 10:28:54,759 [INFO] DbExamples:249 - Set 0 / 0 favorites Examples
2024-03-19 10:28:55,181 [INFO] McuFinderGlobals:65 - Set McuFinderConnectedMode to true
2024-03-19 10:28:55,191 [INFO] MultiScanPanel:196 - Auto-refresh data requested => check proxy status ongoing
2024-03-19 10:28:55,195 [INFO] FinderPluginLoader:92 - Searching for filters in installed packs
2024-03-19 10:28:57,745 [INFO] LoadUrlFilesThread:179 - End of LoadServerUrlFiles without Thread
2024-03-19 10:28:57,772 [INFO] DetailPanel:339 - Set advertising image to C:/Users/harpr/STM32Cube/Repository/\en.prom-stm32wl3-mcu-finder.jpg
2024-03-19 10:28:59,141 [INFO] ToolPreferences:109 - Table McuList, key=mcufinder_cubeide.mculist: column name not found=IO
2024-03-19 10:28:59,141 [INFO] ToolPreferences:109 - Table McuList, key=mcufinder_cubeide.mculist: column name not found=Freq.
2024-03-19 10:33:28,821 [INFO] MultiScanPanel:196 - Auto-refresh data requested => check proxy status ongoing
2024-03-19 10:33:29,045 [INFO] LoadUrlFilesThread:179 - End of LoadServerUrlFiles without Thread
2024-03-19 10:33:29,046 [INFO] DetailPanel:339 - Set advertising image to C:/Users/harpr/STM32Cube/Repository/\en.prom-stm32wl3-mcu-finder.jpg
2024-03-19 10:33:29,064 [INFO] DbBoards:633 - Loading board mini-images...
2024-03-19 10:33:33,189 [INFO] DbBoards:656 - Loaded 191 board mini-images
2024-03-19 10:35:59,025 [ERROR] ConfigurationRetriever:140 - IOException on connection: citools.st.com
2024-03-19 10:35:59,026 [ERROR] ConfigurationRetriever:140 - IOException on connection: citools.st.com
2024-03-19 10:35:59,027 [ERROR] ConfigurationRetriever:140 - IOException on connection: citools.st.com
2024-03-19 10:35:59,337 [INFO] McuFinderGlobals:65 - Set McuFinderConnectedMode to true
2024-03-19 10:35:59,347 [INFO] ApiDb:447 - Save user favorites file C:\Users\harpr/.stm32cubeide/favorites.mcus.txt: 0 item(s)
2024-03-19 10:35:59,349 [INFO] ApiDb:451 - User favorites MCUs=[]
2024-03-19 10:35:59,353 [INFO] ApiDb:447 - Save user favorites file C:\Users\harpr/.stm32cubeide/favorites.boards.txt: 1 item(s)
2024-03-19 10:35:59,353 [INFO] ApiDb:451 - User favorites Boards=[STM32F411E-DISCO]
2024-03-19 10:38:37,642 [ERROR] ConfigurationRetriever:140 - IOException on connection: citools.st.com
2024-03-19 10:38:37,642 [ERROR] ConfigurationRetriever:140 - IOException on connection: citools.st.com
2024-03-19 10:38:37,643 [ERROR] ConfigurationRetriever:140 - IOException on connection: citools.st.com
2024-03-19 10:39:16,168 [ERROR] ConfigurationRetriever:140 - IOException on connection: citools.st.com
2024-03-19 10:39:16,169 [ERROR] ConfigurationRetriever:140 - IOException on connection: citools.st.com
2024-03-19 10:39:16,169 [ERROR] ConfigurationRetriever:140 - IOException on connection: citools.st.com
2024-03-19 10:40:35,192 [ERROR] ConfigurationRetriever:140 - IOException on connection: citools.st.com
2024-03-19 10:40:35,192 [ERROR] ConfigurationRetriever:140 - IOException on connection: citools.st.com
2024-03-19 10:40:35,192 [ERROR] ConfigurationRetriever:140 - IOException on connection: citools.st.com
2024-03-19 11:00:43,519 [ERROR] ConfigurationRetriever:140 - IOException on connection: citools.st.com
2024-03-19 11:00:43,520 [ERROR] ConfigurationRetriever:140 - IOException on connection: citools.st.com
2024-03-19 11:00:43,520 [ERROR] ConfigurationRetriever:140 - IOException on connection: citools.st.com
2024-03-19 11:01:41,452 [ERROR] ConfigurationRetriever:140 - IOException on connection: citools.st.com
2024-03-19 11:01:41,452 [ERROR] ConfigurationRetriever:140 - IOException on connection: citools.st.com
2024-03-19 11:01:41,453 [ERROR] ConfigurationRetriever:140 - IOException on connection: citools.st.com
2024-03-19 14:51:42,746 [INFO] MainUpdater:2800 - connection check result : 10
2024-03-19 14:51:42,868 [INFO] McuFinderGlobals:65 - Set McuFinderConnectedMode to true
2024-03-19 14:51:42,875 [INFO] MultiScanPanel:196 - Auto-refresh data requested => check proxy status ongoing
2024-03-19 14:51:42,876 [INFO] FinderPluginLoader:92 - Searching for filters in installed packs
2024-03-19 14:51:44,310 [INFO] LoadUrlFilesThread:179 - End of LoadServerUrlFiles without Thread
2024-03-19 14:51:44,310 [INFO] DetailPanel:339 - Set advertising image to C:/Users/harpr/STM32Cube/Repository/\en.prom-stm32wl3-mcu-finder.jpg
2024-03-19 14:51:45,766 [INFO] ToolPreferences:109 - Table McuList, key=mcufinder_cubeide.mculist: column name not found=IO
2024-03-19 14:51:45,767 [INFO] ToolPreferences:109 - Table McuList, key=mcufinder_cubeide.mculist: column name not found=Freq.
2024-03-19 14:51:49,856 [INFO] MultiScanPanel:196 - Auto-refresh data requested => check proxy status ongoing
2024-03-19 14:51:49,923 [INFO] LoadUrlFilesThread:179 - End of LoadServerUrlFiles without Thread
2024-03-19 14:51:49,923 [INFO] DetailPanel:339 - Set advertising image to C:/Users/harpr/STM32Cube/Repository/\en.prom-stm32wl3-mcu-finder.jpg
2024-03-19 14:51:52,193 [INFO] ApiDb:580 - Connected to CubeFinder SQLite database (C:\Users\harpr\.stmcufinder\plugins\mcufinder\mcu\cube-finder-db.db)
2024-03-19 14:52:17,752 [ERROR] ConfigurationRetriever:140 - IOException on connection: citools.st.com
2024-03-19 14:52:17,753 [ERROR] ConfigurationRetriever:140 - IOException on connection: citools.st.com
2024-03-19 14:52:17,755 [ERROR] ConfigurationRetriever:140 - IOException on connection: citools.st.com
2024-03-19 14:52:17,808 [INFO] McuFinderGlobals:65 - Set McuFinderConnectedMode to true
2024-03-19 14:52:17,811 [INFO] ApiDb:447 - Save user favorites file C:\Users\harpr/.stm32cubeide/favorites.mcus.txt: 0 item(s)
2024-03-19 14:52:17,812 [INFO] ApiDb:451 - User favorites MCUs=[]
2024-03-19 14:52:17,813 [INFO] ApiDb:447 - Save user favorites file C:\Users\harpr/.stm32cubeide/favorites.boards.txt: 1 item(s)
2024-03-19 14:52:17,814 [INFO] ApiDb:451 - User favorites Boards=[STM32F411E-DISCO]
2024-03-19 14:52:46,398 [ERROR] ConfigurationRetriever:140 - IOException on connection: citools.st.com
2024-03-19 14:52:46,398 [ERROR] ConfigurationRetriever:140 - IOException on connection: citools.st.com
2024-03-19 14:52:46,398 [ERROR] ConfigurationRetriever:140 - IOException on connection: citools.st.com
2024-03-19 14:55:38,012 [ERROR] ConfigurationRetriever:140 - IOException on connection: citools.st.com
2024-03-19 14:55:38,013 [ERROR] ConfigurationRetriever:140 - IOException on connection: citools.st.com
2024-03-19 14:55:38,014 [ERROR] ConfigurationRetriever:140 - IOException on connection: citools.st.com
2024-03-19 15:00:34,661 [ERROR] ConfigurationRetriever:140 - IOException on connection: citools.st.com
2024-03-19 15:00:34,661 [ERROR] ConfigurationRetriever:140 - IOException on connection: citools.st.com
2024-03-19 15:00:34,661 [ERROR] ConfigurationRetriever:140 - IOException on connection: citools.st.com
2024-03-19 15:14:36,516 [ERROR] ConfigurationRetriever:140 - IOException on connection: citools.st.com
2024-03-19 15:14:36,516 [ERROR] ConfigurationRetriever:140 - IOException on connection: citools.st.com
2024-03-19 15:14:36,517 [ERROR] ConfigurationRetriever:140 - IOException on connection: citools.st.com
2024-03-19 17:44:26,292 [ERROR] ConfigurationRetriever:140 - IOException on connection: citools.st.com
2024-03-19 17:44:26,295 [ERROR] ConfigurationRetriever:140 - IOException on connection: citools.st.com
2024-03-19 17:44:26,296 [ERROR] ConfigurationRetriever:140 - IOException on connection: citools.st.com
2024-03-19 17:45:07,239 [ERROR] ConfigurationRetriever:140 - IOException on connection: citools.st.com
2024-03-19 17:45:07,240 [ERROR] ConfigurationRetriever:140 - IOException on connection: citools.st.com
2024-03-19 17:45:07,241 [ERROR] ConfigurationRetriever:140 - IOException on connection: citools.st.com
2024-03-19 19:46:36,164 [INFO] MainUpdater:2800 - connection check result : 10
2024-03-19 19:46:36,265 [INFO] McuFinderGlobals:65 - Set McuFinderConnectedMode to true
2024-03-19 19:46:36,268 [INFO] MultiScanPanel:196 - Auto-refresh data requested => check proxy status ongoing
2024-03-19 19:46:36,269 [INFO] FinderPluginLoader:92 - Searching for filters in installed packs
2024-03-19 19:46:36,961 [INFO] LoadUrlFilesThread:179 - End of LoadServerUrlFiles without Thread
2024-03-19 19:46:36,961 [INFO] DetailPanel:339 - Set advertising image to C:/Users/harpr/STM32Cube/Repository/\en.prom-stm32wl3-mcu-finder.jpg
2024-03-19 19:46:38,678 [INFO] ToolPreferences:109 - Table McuList, key=mcufinder_cubeide.mculist: column name not found=IO
2024-03-19 19:46:38,680 [INFO] ToolPreferences:109 - Table McuList, key=mcufinder_cubeide.mculist: column name not found=Freq.
2024-03-19 19:46:58,317 [INFO] MultiScanPanel:196 - Auto-refresh data requested => check proxy status ongoing
2024-03-19 19:46:58,368 [INFO] LoadUrlFilesThread:179 - End of LoadServerUrlFiles without Thread
2024-03-19 19:46:58,368 [INFO] DetailPanel:339 - Set advertising image to C:/Users/harpr/STM32Cube/Repository/\en.prom-stm32wl3-mcu-finder.jpg
2024-03-19 19:47:27,211 [ERROR] ConfigurationRetriever:140 - IOException on connection: citools.st.com
2024-03-19 19:47:27,212 [ERROR] ConfigurationRetriever:140 - IOException on connection: citools.st.com
2024-03-19 19:47:27,213 [ERROR] ConfigurationRetriever:140 - IOException on connection: citools.st.com
2024-03-19 19:47:27,265 [INFO] McuFinderGlobals:65 - Set McuFinderConnectedMode to true
2024-03-19 19:47:27,268 [INFO] ApiDb:447 - Save user favorites file C:\Users\harpr/.stm32cubeide/favorites.mcus.txt: 0 item(s)
2024-03-19 19:47:27,269 [INFO] ApiDb:451 - User favorites MCUs=[]
2024-03-19 19:47:27,270 [INFO] ApiDb:447 - Save user favorites file C:\Users\harpr/.stm32cubeide/favorites.boards.txt: 1 item(s)
2024-03-19 19:47:27,271 [INFO] ApiDb:451 - User favorites Boards=[STM32F411E-DISCO]
2024-03-19 19:52:25,949 [ERROR] ConfigurationRetriever:140 - IOException on connection: citools.st.com
2024-03-19 19:52:25,950 [ERROR] ConfigurationRetriever:140 - IOException on connection: citools.st.com
2024-03-19 19:52:25,950 [ERROR] ConfigurationRetriever:140 - IOException on connection: citools.st.com
2024-03-19 19:52:59,789 [ERROR] ConfigurationRetriever:140 - IOException on connection: citools.st.com
2024-03-19 19:52:59,790 [ERROR] ConfigurationRetriever:140 - IOException on connection: citools.st.com
2024-03-19 19:52:59,790 [ERROR] ConfigurationRetriever:140 - IOException on connection: citools.st.com
2024-03-19 22:54:33,204 [ERROR] ConfigurationRetriever:140 - IOException on connection: citools.st.com
2024-03-19 22:54:33,208 [ERROR] ConfigurationRetriever:140 - IOException on connection: citools.st.com
2024-03-19 22:54:33,209 [ERROR] ConfigurationRetriever:140 - IOException on connection: citools.st.com
2024-03-19 22:54:34,235 [INFO] WebAppUi:459 - Close the Jxbrowser engine manually
2024-03-19 22:54:34,521 [INFO] WebAppUi:462 - Profiles folder deleted
2024-03-19 22:54:35,083 [ERROR] LogOutputStream:74 - [STDERR_REDIRECT] 
2024-03-20 05:16:11,814 [INFO] Activator:179 - 


2024-03-20 05:16:11,816 [INFO] Activator:180 - !SESSION log4j initialized
2024-03-20 05:16:23,767 [ERROR] ConfigurationRetriever:140 - IOException on connection: citools.st.com
2024-03-20 05:16:23,768 [ERROR] ConfigurationRetriever:140 - IOException on connection: citools.st.com
2024-03-20 05:16:23,769 [ERROR] ConfigurationRetriever:140 - IOException on connection: citools.st.com
2024-03-20 05:16:44,826 [ERROR] LogOutputStream:74 - [STDERR_REDIRECT] SLF4J: Failed to load class "org.slf4j.impl.StaticLoggerBinder".
2024-03-20 05:16:44,826 [ERROR] LogOutputStream:74 - [STDERR_REDIRECT] SLF4J: Defaulting to no-operation (NOP) logger implementation
2024-03-20 05:16:44,827 [ERROR] LogOutputStream:74 - [STDERR_REDIRECT] SLF4J: See http://www.slf4j.org/codes.html#StaticLoggerBinder for further details.
2024-03-20 06:27:16,303 [ERROR] ConfigurationRetriever:140 - IOException on connection: citools.st.com
2024-03-20 06:27:16,304 [ERROR] ConfigurationRetriever:140 - IOException on connection: citools.st.com
2024-03-20 06:27:16,304 [ERROR] ConfigurationRetriever:140 - IOException on connection: citools.st.com
2024-03-22 06:23:00,017 [ERROR] ConfigurationRetriever:140 - IOException on connection: citools.st.com
2024-03-22 06:23:00,029 [ERROR] ConfigurationRetriever:140 - IOException on connection: citools.st.com
2024-03-22 06:23:00,030 [ERROR] ConfigurationRetriever:140 - IOException on connection: citools.st.com
